Executing: Compile
Command: zokrates compile -i root.zok
Parent PID: 523357
Compiling root.zok

2024-07-15 20:55:43 CPU:    0.00%, MEM:   0.00%, Observed PID: 523357
2024-07-15 20:55:44 CPU:   11.50%, MEM:   0.80%, Observed PID: 523357
2024-07-15 20:55:45 CPU:   12.06%, MEM:   2.20%, Observed PID: 523357
2024-07-15 20:55:46 CPU:   12.29%, MEM:   2.90%, Observed PID: 523357
2024-07-15 20:55:47 CPU:   12.40%, MEM:   3.60%, Observed PID: 523357
2024-07-15 20:55:48 CPU:   12.43%, MEM:   3.30%, Observed PID: 523357
2024-07-15 20:55:49 CPU:   12.45%, MEM:   3.30%, Observed PID: 523357
Compiled code written to 'out'
Number of constraints: 359133
Total time: 7112 milliseconds
Average CPU: 10.44%
Peak CPU: 12.45%
Average MEM: 2.30%
Peak MEM: 3.6%
Total time: 7121 milliseconds
--------------------------------------------------
Executing: Universal Setup
Command: zokrates universal-setup --size 21 --proving-scheme marlin
Parent PID: 523621
Performing setup...
2024-07-15 20:55:50 CPU:    0.00%, MEM:   0.00%, Observed PID: 523621
2024-07-15 20:55:52 CPU:   89.00%, MEM:   0.90%, Observed PID: 523621
2024-07-15 20:55:53 CPU:   69.38%, MEM:   1.20%, Observed PID: 523621
2024-07-15 20:55:54 CPU:   83.75%, MEM:   1.60%, Observed PID: 523621
2024-07-15 20:55:55 CPU:   92.12%, MEM:   2.00%, Observed PID: 523621
2024-07-15 20:55:57 CPU:   96.75%, MEM:   2.50%, Observed PID: 523621
2024-07-15 20:55:58 CPU:   88.38%, MEM:   2.80%, Observed PID: 523621
2024-07-15 20:55:59 CPU:   92.00%, MEM:   3.20%, Observed PID: 523621
2024-07-15 20:56:00 CPU:   95.50%, MEM:   3.60%, Observed PID: 523621
2024-07-15 20:56:01 CPU:   93.75%, MEM:   6.50%, Observed PID: 523621
2024-07-15 20:56:03 CPU:   87.00%, MEM:   1.80%, Observed PID: 523621
Universal setup written to 'universal_setup.dat'
Universal setup completed
Total time: 13053 milliseconds
Average CPU: 80.69%
Peak CPU: 96.75%
Average MEM: 2.37%
Peak MEM: 6.5%
Total time: 13062 milliseconds
--------------------------------------------------
Executing: Setup
Command: zokrates setup --proving-scheme marlin
Parent PID: 524259
2024-07-15 20:56:04 CPU:    0.00%, MEM:   0.00%, Observed PID: 524259
Performing setup...
2024-07-15 20:56:05 CPU:   12.25%, MEM:   1.70%, Observed PID: 524259
2024-07-15 20:56:06 CPU:   12.50%, MEM:   2.20%, Observed PID: 524259
2024-07-15 20:56:07 CPU:    9.40%, MEM:   2.20%, Observed PID: 524259
2024-07-15 20:56:08 CPU:   10.07%, MEM:   2.30%, Observed PID: 524259
2024-07-15 20:56:09 CPU:   10.51%, MEM:   2.30%, Observed PID: 524259
2024-07-15 20:56:10 CPU:   10.81%, MEM:   2.30%, Observed PID: 524259
2024-07-15 20:56:11 CPU:   11.06%, MEM:   2.30%, Observed PID: 524259
2024-07-15 20:56:12 CPU:   11.23%, MEM:   2.30%, Observed PID: 524259
2024-07-15 20:56:13 CPU:   11.38%, MEM:   2.30%, Observed PID: 524259
2024-07-15 20:56:14 CPU:   11.50%, MEM:   2.30%, Observed PID: 524259
2024-07-15 20:56:15 CPU:   11.60%, MEM:   2.30%, Observed PID: 524259
2024-07-15 20:56:16 CPU:   11.68%, MEM:   2.30%, Observed PID: 524259
2024-07-15 20:56:17 CPU:   11.75%, MEM:   2.30%, Observed PID: 524259
2024-07-15 20:56:18 CPU:   11.81%, MEM:   2.30%, Observed PID: 524259
2024-07-15 20:56:19 CPU:   11.88%, MEM:   2.30%, Observed PID: 524259
2024-07-15 20:56:20 CPU:   11.91%, MEM:   2.30%, Observed PID: 524259
2024-07-15 20:56:21 CPU:   11.96%, MEM:   2.30%, Observed PID: 524259
2024-07-15 20:56:22 CPU:   12.00%, MEM:   2.30%, Observed PID: 524259
2024-07-15 20:56:23 CPU:   12.04%, MEM:   2.30%, Observed PID: 524259
2024-07-15 20:56:24 CPU:   12.06%, MEM:   2.30%, Observed PID: 524259
2024-07-15 20:56:25 CPU:   12.09%, MEM:   2.30%, Observed PID: 524259
2024-07-15 20:56:26 CPU:   12.11%, MEM:   2.30%, Observed PID: 524259
2024-07-15 20:56:27 CPU:   12.14%, MEM:   2.30%, Observed PID: 524259
2024-07-15 20:56:28 CPU:   12.16%, MEM:   2.30%, Observed PID: 524259
2024-07-15 20:56:29 CPU:   12.19%, MEM:   2.30%, Observed PID: 524259
2024-07-15 20:56:30 CPU:   12.20%, MEM:   2.30%, Observed PID: 524259
2024-07-15 20:56:31 CPU:   12.21%, MEM:   2.30%, Observed PID: 524259
2024-07-15 20:56:32 CPU:   12.23%, MEM:   2.30%, Observed PID: 524259
2024-07-15 20:56:33 CPU:   12.25%, MEM:   2.30%, Observed PID: 524259
2024-07-15 20:56:34 CPU:   12.26%, MEM:   2.30%, Observed PID: 524259
2024-07-15 20:56:35 CPU:   12.27%, MEM:   2.30%, Observed PID: 524259
2024-07-15 20:56:36 CPU:   12.29%, MEM:   2.30%, Observed PID: 524259
2024-07-15 20:56:37 CPU:   12.29%, MEM:   2.30%, Observed PID: 524259
2024-07-15 20:56:38 CPU:   12.30%, MEM:   2.30%, Observed PID: 524259
2024-07-15 20:56:39 CPU:   12.31%, MEM:   2.30%, Observed PID: 524259
2024-07-15 20:56:40 CPU:   12.32%, MEM:   2.30%, Observed PID: 524259
2024-07-15 20:56:41 CPU:   12.34%, MEM:   2.30%, Observed PID: 524259
2024-07-15 20:56:42 CPU:   12.34%, MEM:   2.30%, Observed PID: 524259
2024-07-15 20:56:43 CPU:   12.35%, MEM:   2.30%, Observed PID: 524259
2024-07-15 20:56:44 CPU:   12.36%, MEM:   2.30%, Observed PID: 524259
2024-07-15 20:56:45 CPU:   12.36%, MEM:   2.30%, Observed PID: 524259
2024-07-15 20:56:46 CPU:   12.38%, MEM:   2.30%, Observed PID: 524259
2024-07-15 20:56:47 CPU:   12.38%, MEM:   2.30%, Observed PID: 524259
2024-07-15 20:56:48 CPU:   12.39%, MEM:   2.30%, Observed PID: 524259
2024-07-15 20:56:49 CPU:   12.39%, MEM:   2.30%, Observed PID: 524259
2024-07-15 20:56:50 CPU:   12.40%, MEM:   2.30%, Observed PID: 524259
2024-07-15 20:56:51 CPU:   12.40%, MEM:   2.30%, Observed PID: 524259
2024-07-15 20:56:52 CPU:   12.41%, MEM:   2.40%, Observed PID: 524259
2024-07-15 20:56:53 CPU:   12.43%, MEM:   2.40%, Observed PID: 524259
2024-07-15 20:56:54 CPU:   12.43%, MEM:   2.40%, Observed PID: 524259
2024-07-15 20:56:55 CPU:   12.43%, MEM:   2.40%, Observed PID: 524259
2024-07-15 20:56:56 CPU:   12.44%, MEM:   2.40%, Observed PID: 524259
2024-07-15 20:56:57 CPU:   12.44%, MEM:   2.40%, Observed PID: 524259
2024-07-15 20:56:58 CPU:   12.45%, MEM:   2.40%, Observed PID: 524259
2024-07-15 20:56:59 CPU:   12.45%, MEM:   2.40%, Observed PID: 524259
2024-07-15 20:57:00 CPU:   12.45%, MEM:   2.40%, Observed PID: 524259
2024-07-15 20:57:01 CPU:   12.45%, MEM:   2.40%, Observed PID: 524259
2024-07-15 20:57:02 CPU:   12.46%, MEM:   2.40%, Observed PID: 524259
2024-07-15 20:57:03 CPU:   12.46%, MEM:   2.40%, Observed PID: 524259
2024-07-15 20:57:04 CPU:   12.46%, MEM:   2.40%, Observed PID: 524259
2024-07-15 20:57:05 CPU:   12.48%, MEM:   2.40%, Observed PID: 524259
2024-07-15 20:57:06 CPU:   12.48%, MEM:   2.40%, Observed PID: 524259
2024-07-15 20:57:07 CPU:   12.48%, MEM:   2.40%, Observed PID: 524259
2024-07-15 20:57:09 CPU:   12.48%, MEM:   2.40%, Observed PID: 524259
2024-07-15 20:57:10 CPU:   12.49%, MEM:   2.40%, Observed PID: 524259
2024-07-15 20:57:11 CPU:   12.49%, MEM:   2.40%, Observed PID: 524259
2024-07-15 20:57:12 CPU:   12.49%, MEM:   2.40%, Observed PID: 524259
2024-07-15 20:57:13 CPU:   12.49%, MEM:   2.40%, Observed PID: 524259
2024-07-15 20:57:14 CPU:   12.32%, MEM:   2.40%, Observed PID: 524259
2024-07-15 20:57:15 CPU:   12.32%, MEM:   2.40%, Observed PID: 524259
2024-07-15 20:57:16 CPU:   12.32%, MEM:   2.40%, Observed PID: 524259
2024-07-15 20:57:17 CPU:   12.34%, MEM:   2.40%, Observed PID: 524259
2024-07-15 20:57:18 CPU:   12.34%, MEM:   2.40%, Observed PID: 524259
2024-07-15 20:57:19 CPU:   12.34%, MEM:   2.40%, Observed PID: 524259
2024-07-15 20:57:20 CPU:   12.35%, MEM:   2.40%, Observed PID: 524259
2024-07-15 20:57:21 CPU:   12.35%, MEM:   2.40%, Observed PID: 524259
2024-07-15 20:57:22 CPU:   12.35%, MEM:   2.40%, Observed PID: 524259
2024-07-15 20:57:23 CPU:   12.36%, MEM:   2.40%, Observed PID: 524259
2024-07-15 20:57:24 CPU:   12.36%, MEM:   2.40%, Observed PID: 524259
2024-07-15 20:57:25 CPU:   12.38%, MEM:   2.40%, Observed PID: 524259
2024-07-15 20:57:26 CPU:   12.38%, MEM:   2.40%, Observed PID: 524259
2024-07-15 20:57:27 CPU:   12.38%, MEM:   2.40%, Observed PID: 524259
2024-07-15 20:57:28 CPU:   12.38%, MEM:   2.40%, Observed PID: 524259
2024-07-15 20:57:29 CPU:   12.39%, MEM:   2.40%, Observed PID: 524259
2024-07-15 20:57:30 CPU:   12.39%, MEM:   2.40%, Observed PID: 524259
2024-07-15 20:57:31 CPU:   12.39%, MEM:   2.40%, Observed PID: 524259
2024-07-15 20:57:32 CPU:   12.39%, MEM:   2.40%, Observed PID: 524259
2024-07-15 20:57:33 CPU:   12.40%, MEM:   2.40%, Observed PID: 524259
2024-07-15 20:57:34 CPU:   12.40%, MEM:   2.40%, Observed PID: 524259
2024-07-15 20:57:35 CPU:   12.40%, MEM:   2.40%, Observed PID: 524259
2024-07-15 20:57:36 CPU:   12.40%, MEM:   2.40%, Observed PID: 524259
2024-07-15 20:57:37 CPU:   12.41%, MEM:   2.40%, Observed PID: 524259
2024-07-15 20:57:38 CPU:   12.41%, MEM:   2.50%, Observed PID: 524259
2024-07-15 20:57:39 CPU:   12.41%, MEM:   2.50%, Observed PID: 524259
2024-07-15 20:57:40 CPU:   12.41%, MEM:   2.50%, Observed PID: 524259
2024-07-15 20:57:41 CPU:   12.43%, MEM:   2.50%, Observed PID: 524259
2024-07-15 20:57:42 CPU:   12.43%, MEM:   2.50%, Observed PID: 524259
2024-07-15 20:57:43 CPU:   12.43%, MEM:   2.50%, Observed PID: 524259
2024-07-15 20:57:44 CPU:   12.43%, MEM:   2.50%, Observed PID: 524259
2024-07-15 20:57:45 CPU:   12.43%, MEM:   2.50%, Observed PID: 524259
2024-07-15 20:57:46 CPU:   12.44%, MEM:   2.50%, Observed PID: 524259
2024-07-15 20:57:47 CPU:   12.44%, MEM:   2.50%, Observed PID: 524259
2024-07-15 20:57:48 CPU:   12.44%, MEM:   2.50%, Observed PID: 524259
2024-07-15 20:57:49 CPU:   12.44%, MEM:   2.50%, Observed PID: 524259
2024-07-15 20:57:50 CPU:   12.44%, MEM:   2.50%, Observed PID: 524259
2024-07-15 20:57:51 CPU:   12.45%, MEM:   2.50%, Observed PID: 524259
2024-07-15 20:57:52 CPU:   12.45%, MEM:   2.50%, Observed PID: 524259
2024-07-15 20:57:53 CPU:   12.45%, MEM:   2.50%, Observed PID: 524259
2024-07-15 20:57:54 CPU:   12.45%, MEM:   2.50%, Observed PID: 524259
2024-07-15 20:57:55 CPU:   12.45%, MEM:   2.50%, Observed PID: 524259
2024-07-15 20:57:56 CPU:   12.45%, MEM:   2.50%, Observed PID: 524259
2024-07-15 20:57:57 CPU:   12.45%, MEM:   2.50%, Observed PID: 524259
2024-07-15 20:57:58 CPU:   12.46%, MEM:   2.50%, Observed PID: 524259
2024-07-15 20:57:59 CPU:   12.46%, MEM:   2.50%, Observed PID: 524259
2024-07-15 20:58:00 CPU:   12.46%, MEM:   2.50%, Observed PID: 524259
2024-07-15 20:58:01 CPU:   12.46%, MEM:   2.50%, Observed PID: 524259
2024-07-15 20:58:02 CPU:   12.46%, MEM:   2.50%, Observed PID: 524259
2024-07-15 20:58:03 CPU:   12.46%, MEM:   2.50%, Observed PID: 524259
2024-07-15 20:58:04 CPU:   12.48%, MEM:   2.50%, Observed PID: 524259
2024-07-15 20:58:05 CPU:   12.48%, MEM:   2.50%, Observed PID: 524259
2024-07-15 20:58:06 CPU:   12.48%, MEM:   2.50%, Observed PID: 524259
2024-07-15 20:58:07 CPU:   12.48%, MEM:   2.50%, Observed PID: 524259
2024-07-15 20:58:08 CPU:   12.48%, MEM:   2.50%, Observed PID: 524259
2024-07-15 20:58:09 CPU:   12.48%, MEM:   2.50%, Observed PID: 524259
2024-07-15 20:58:10 CPU:   12.48%, MEM:   2.50%, Observed PID: 524259
2024-07-15 20:58:11 CPU:   12.48%, MEM:   2.50%, Observed PID: 524259
2024-07-15 20:58:12 CPU:   12.49%, MEM:   2.50%, Observed PID: 524259
2024-07-15 20:58:13 CPU:   12.49%, MEM:   2.50%, Observed PID: 524259
2024-07-15 20:58:14 CPU:   12.49%, MEM:   2.50%, Observed PID: 524259
2024-07-15 20:58:15 CPU:   12.49%, MEM:   2.50%, Observed PID: 524259
2024-07-15 20:58:17 CPU:   12.49%, MEM:   2.50%, Observed PID: 524259
2024-07-15 20:58:18 CPU:   12.49%, MEM:   2.50%, Observed PID: 524259
2024-07-15 20:58:19 CPU:   12.49%, MEM:   2.50%, Observed PID: 524259
2024-07-15 20:58:20 CPU:   12.49%, MEM:   2.50%, Observed PID: 524259
2024-07-15 20:58:21 CPU:   12.49%, MEM:   2.50%, Observed PID: 524259
2024-07-15 20:58:22 CPU:   12.40%, MEM:   2.50%, Observed PID: 524259
2024-07-15 20:58:23 CPU:   12.41%, MEM:   2.50%, Observed PID: 524259
2024-07-15 20:58:24 CPU:   12.41%, MEM:   2.60%, Observed PID: 524259
2024-07-15 20:58:25 CPU:   12.41%, MEM:   2.60%, Observed PID: 524259
2024-07-15 20:58:26 CPU:   12.41%, MEM:   2.60%, Observed PID: 524259
2024-07-15 20:58:27 CPU:   12.41%, MEM:   2.60%, Observed PID: 524259
2024-07-15 20:58:28 CPU:   12.41%, MEM:   2.60%, Observed PID: 524259
2024-07-15 20:58:29 CPU:   12.41%, MEM:   2.60%, Observed PID: 524259
2024-07-15 20:58:30 CPU:   12.43%, MEM:   2.60%, Observed PID: 524259
2024-07-15 20:58:31 CPU:   12.43%, MEM:   2.60%, Observed PID: 524259
2024-07-15 20:58:32 CPU:   12.43%, MEM:   2.60%, Observed PID: 524259
2024-07-15 20:58:33 CPU:   12.43%, MEM:   2.60%, Observed PID: 524259
2024-07-15 20:58:34 CPU:   12.43%, MEM:   2.60%, Observed PID: 524259
2024-07-15 20:58:35 CPU:   12.43%, MEM:   2.60%, Observed PID: 524259
2024-07-15 20:58:36 CPU:   12.43%, MEM:   2.60%, Observed PID: 524259
2024-07-15 20:58:37 CPU:   12.44%, MEM:   2.60%, Observed PID: 524259
2024-07-15 20:58:38 CPU:   12.44%, MEM:   2.60%, Observed PID: 524259
2024-07-15 20:58:39 CPU:   12.44%, MEM:   2.60%, Observed PID: 524259
2024-07-15 20:58:40 CPU:   12.44%, MEM:   2.60%, Observed PID: 524259
2024-07-15 20:58:41 CPU:   12.44%, MEM:   2.60%, Observed PID: 524259
2024-07-15 20:58:42 CPU:   12.44%, MEM:   2.60%, Observed PID: 524259
2024-07-15 20:58:43 CPU:   12.44%, MEM:   2.60%, Observed PID: 524259
2024-07-15 20:58:44 CPU:   12.44%, MEM:   2.60%, Observed PID: 524259
2024-07-15 20:58:45 CPU:   12.44%, MEM:   2.60%, Observed PID: 524259
2024-07-15 20:58:46 CPU:   12.45%, MEM:   2.60%, Observed PID: 524259
2024-07-15 20:58:47 CPU:   12.45%, MEM:   2.60%, Observed PID: 524259
2024-07-15 20:58:48 CPU:   12.45%, MEM:   2.60%, Observed PID: 524259
2024-07-15 20:58:49 CPU:   12.45%, MEM:   2.60%, Observed PID: 524259
2024-07-15 20:58:50 CPU:   12.45%, MEM:   2.60%, Observed PID: 524259
2024-07-15 20:58:51 CPU:   12.45%, MEM:   2.60%, Observed PID: 524259
2024-07-15 20:58:52 CPU:   12.45%, MEM:   2.60%, Observed PID: 524259
2024-07-15 20:58:53 CPU:   12.45%, MEM:   2.60%, Observed PID: 524259
2024-07-15 20:58:54 CPU:   12.45%, MEM:   2.60%, Observed PID: 524259
2024-07-15 20:58:55 CPU:   12.46%, MEM:   2.60%, Observed PID: 524259
2024-07-15 20:58:56 CPU:   12.46%, MEM:   2.60%, Observed PID: 524259
2024-07-15 20:58:57 CPU:   12.46%, MEM:   2.60%, Observed PID: 524259
2024-07-15 20:58:58 CPU:   12.46%, MEM:   2.60%, Observed PID: 524259
2024-07-15 20:58:59 CPU:   12.46%, MEM:   2.60%, Observed PID: 524259
2024-07-15 20:59:00 CPU:   12.46%, MEM:   2.60%, Observed PID: 524259
2024-07-15 20:59:01 CPU:   12.46%, MEM:   2.60%, Observed PID: 524259
2024-07-15 20:59:02 CPU:   12.46%, MEM:   2.60%, Observed PID: 524259
2024-07-15 20:59:03 CPU:   12.46%, MEM:   2.60%, Observed PID: 524259
2024-07-15 20:59:04 CPU:   12.46%, MEM:   2.60%, Observed PID: 524259
2024-07-15 20:59:05 CPU:   12.48%, MEM:   2.60%, Observed PID: 524259
2024-07-15 20:59:06 CPU:   12.48%, MEM:   2.60%, Observed PID: 524259
2024-07-15 20:59:07 CPU:   12.48%, MEM:   2.60%, Observed PID: 524259
2024-07-15 20:59:08 CPU:   12.48%, MEM:   2.60%, Observed PID: 524259
2024-07-15 20:59:09 CPU:   12.48%, MEM:   2.60%, Observed PID: 524259
2024-07-15 20:59:10 CPU:   12.48%, MEM:   2.70%, Observed PID: 524259
2024-07-15 20:59:11 CPU:   12.48%, MEM:   2.70%, Observed PID: 524259
2024-07-15 20:59:12 CPU:   12.48%, MEM:   2.70%, Observed PID: 524259
2024-07-15 20:59:13 CPU:   12.48%, MEM:   2.70%, Observed PID: 524259
2024-07-15 20:59:14 CPU:   12.48%, MEM:   2.70%, Observed PID: 524259
2024-07-15 20:59:15 CPU:   12.48%, MEM:   2.70%, Observed PID: 524259
2024-07-15 20:59:16 CPU:   12.48%, MEM:   2.70%, Observed PID: 524259
2024-07-15 20:59:17 CPU:   12.49%, MEM:   2.70%, Observed PID: 524259
2024-07-15 20:59:18 CPU:   12.49%, MEM:   2.70%, Observed PID: 524259
2024-07-15 20:59:19 CPU:   12.49%, MEM:   2.70%, Observed PID: 524259
2024-07-15 20:59:20 CPU:   12.49%, MEM:   2.70%, Observed PID: 524259
2024-07-15 20:59:21 CPU:   12.49%, MEM:   2.70%, Observed PID: 524259
2024-07-15 20:59:22 CPU:   12.49%, MEM:   2.70%, Observed PID: 524259
2024-07-15 20:59:23 CPU:   12.49%, MEM:   2.70%, Observed PID: 524259
2024-07-15 20:59:24 CPU:   12.49%, MEM:   2.70%, Observed PID: 524259
2024-07-15 20:59:26 CPU:   12.49%, MEM:   2.70%, Observed PID: 524259
2024-07-15 20:59:27 CPU:   12.49%, MEM:   2.70%, Observed PID: 524259
2024-07-15 20:59:28 CPU:   12.49%, MEM:   2.70%, Observed PID: 524259
2024-07-15 20:59:29 CPU:   12.49%, MEM:   2.70%, Observed PID: 524259
2024-07-15 20:59:30 CPU:   12.49%, MEM:   2.70%, Observed PID: 524259
2024-07-15 20:59:31 CPU:   12.50%, MEM:   2.70%, Observed PID: 524259
2024-07-15 20:59:32 CPU:   12.44%, MEM:   2.70%, Observed PID: 524259
2024-07-15 20:59:33 CPU:   12.44%, MEM:   2.70%, Observed PID: 524259
2024-07-15 20:59:34 CPU:   12.44%, MEM:   2.70%, Observed PID: 524259
2024-07-15 20:59:35 CPU:   12.44%, MEM:   2.70%, Observed PID: 524259
2024-07-15 20:59:36 CPU:   12.44%, MEM:   2.70%, Observed PID: 524259
2024-07-15 20:59:37 CPU:   12.44%, MEM:   2.70%, Observed PID: 524259
2024-07-15 20:59:38 CPU:   12.44%, MEM:   2.70%, Observed PID: 524259
2024-07-15 20:59:39 CPU:   12.44%, MEM:   2.70%, Observed PID: 524259
2024-07-15 20:59:40 CPU:   12.45%, MEM:   2.70%, Observed PID: 524259
2024-07-15 20:59:41 CPU:   12.45%, MEM:   2.70%, Observed PID: 524259
2024-07-15 20:59:42 CPU:   12.45%, MEM:   2.70%, Observed PID: 524259
2024-07-15 20:59:43 CPU:   12.45%, MEM:   2.70%, Observed PID: 524259
2024-07-15 20:59:44 CPU:   12.45%, MEM:   2.70%, Observed PID: 524259
2024-07-15 20:59:45 CPU:   12.45%, MEM:   2.70%, Observed PID: 524259
2024-07-15 20:59:46 CPU:   12.45%, MEM:   2.70%, Observed PID: 524259
2024-07-15 20:59:47 CPU:   12.45%, MEM:   2.70%, Observed PID: 524259
2024-07-15 20:59:48 CPU:   12.45%, MEM:   2.70%, Observed PID: 524259
2024-07-15 20:59:49 CPU:   12.45%, MEM:   2.70%, Observed PID: 524259
2024-07-15 20:59:50 CPU:   12.45%, MEM:   2.70%, Observed PID: 524259
2024-07-15 20:59:51 CPU:   12.45%, MEM:   2.70%, Observed PID: 524259
2024-07-15 20:59:52 CPU:   12.46%, MEM:   2.70%, Observed PID: 524259
2024-07-15 20:59:53 CPU:   12.46%, MEM:   2.70%, Observed PID: 524259
2024-07-15 20:59:54 CPU:   12.46%, MEM:   2.70%, Observed PID: 524259
2024-07-15 20:59:55 CPU:   12.46%, MEM:   2.70%, Observed PID: 524259
2024-07-15 20:59:56 CPU:   12.46%, MEM:   2.80%, Observed PID: 524259
2024-07-15 20:59:57 CPU:   12.46%, MEM:   2.80%, Observed PID: 524259
2024-07-15 20:59:58 CPU:   12.46%, MEM:   2.80%, Observed PID: 524259
2024-07-15 20:59:59 CPU:   12.46%, MEM:   2.80%, Observed PID: 524259
2024-07-15 21:00:00 CPU:   12.46%, MEM:   2.80%, Observed PID: 524259
2024-07-15 21:00:01 CPU:   12.46%, MEM:   2.80%, Observed PID: 524259
2024-07-15 21:00:02 CPU:   12.46%, MEM:   2.80%, Observed PID: 524259
2024-07-15 21:00:03 CPU:   12.46%, MEM:   2.80%, Observed PID: 524259
2024-07-15 21:00:04 CPU:   12.46%, MEM:   2.80%, Observed PID: 524259
2024-07-15 21:00:05 CPU:   12.46%, MEM:   2.80%, Observed PID: 524259
2024-07-15 21:00:06 CPU:   12.48%, MEM:   2.80%, Observed PID: 524259
2024-07-15 21:00:07 CPU:   12.48%, MEM:   2.80%, Observed PID: 524259
2024-07-15 21:00:08 CPU:   12.48%, MEM:   2.80%, Observed PID: 524259
2024-07-15 21:00:09 CPU:   12.48%, MEM:   2.80%, Observed PID: 524259
2024-07-15 21:00:10 CPU:   12.48%, MEM:   2.80%, Observed PID: 524259
2024-07-15 21:00:11 CPU:   12.48%, MEM:   2.80%, Observed PID: 524259
2024-07-15 21:00:12 CPU:   12.48%, MEM:   2.80%, Observed PID: 524259
2024-07-15 21:00:13 CPU:   12.48%, MEM:   2.80%, Observed PID: 524259
2024-07-15 21:00:14 CPU:   12.48%, MEM:   2.80%, Observed PID: 524259
2024-07-15 21:00:15 CPU:   12.48%, MEM:   2.80%, Observed PID: 524259
2024-07-15 21:00:16 CPU:   12.48%, MEM:   2.80%, Observed PID: 524259
2024-07-15 21:00:17 CPU:   12.48%, MEM:   2.80%, Observed PID: 524259
2024-07-15 21:00:18 CPU:   12.48%, MEM:   2.80%, Observed PID: 524259
2024-07-15 21:00:19 CPU:   12.48%, MEM:   2.80%, Observed PID: 524259
2024-07-15 21:00:20 CPU:   12.48%, MEM:   2.80%, Observed PID: 524259
2024-07-15 21:00:21 CPU:   12.48%, MEM:   2.80%, Observed PID: 524259
2024-07-15 21:00:22 CPU:   12.49%, MEM:   2.80%, Observed PID: 524259
2024-07-15 21:00:23 CPU:   12.49%, MEM:   2.80%, Observed PID: 524259
2024-07-15 21:00:24 CPU:   12.49%, MEM:   2.80%, Observed PID: 524259
2024-07-15 21:00:25 CPU:   12.49%, MEM:   2.80%, Observed PID: 524259
2024-07-15 21:00:26 CPU:   12.49%, MEM:   2.80%, Observed PID: 524259
2024-07-15 21:00:27 CPU:   12.49%, MEM:   2.80%, Observed PID: 524259
2024-07-15 21:00:28 CPU:   12.49%, MEM:   2.80%, Observed PID: 524259
2024-07-15 21:00:29 CPU:   12.49%, MEM:   2.80%, Observed PID: 524259
2024-07-15 21:00:30 CPU:   12.49%, MEM:   2.80%, Observed PID: 524259
2024-07-15 21:00:31 CPU:   12.49%, MEM:   2.80%, Observed PID: 524259
2024-07-15 21:00:32 CPU:   12.49%, MEM:   2.80%, Observed PID: 524259
2024-07-15 21:00:33 CPU:   12.49%, MEM:   2.80%, Observed PID: 524259
2024-07-15 21:00:35 CPU:   12.49%, MEM:   2.80%, Observed PID: 524259
2024-07-15 21:00:36 CPU:   12.49%, MEM:   2.80%, Observed PID: 524259
2024-07-15 21:00:37 CPU:   12.49%, MEM:   2.80%, Observed PID: 524259
2024-07-15 21:00:38 CPU:   12.49%, MEM:   2.80%, Observed PID: 524259
2024-07-15 21:00:39 CPU:   12.49%, MEM:   2.80%, Observed PID: 524259
2024-07-15 21:00:40 CPU:   12.50%, MEM:   2.80%, Observed PID: 524259
2024-07-15 21:00:41 CPU:   12.45%, MEM:   2.80%, Observed PID: 524259
2024-07-15 21:00:42 CPU:   12.45%, MEM:   2.90%, Observed PID: 524259
2024-07-15 21:00:43 CPU:   12.45%, MEM:   2.90%, Observed PID: 524259
2024-07-15 21:00:44 CPU:   12.45%, MEM:   2.90%, Observed PID: 524259
2024-07-15 21:00:45 CPU:   12.45%, MEM:   2.90%, Observed PID: 524259
2024-07-15 21:00:46 CPU:   12.45%, MEM:   2.90%, Observed PID: 524259
2024-07-15 21:00:47 CPU:   12.45%, MEM:   2.90%, Observed PID: 524259
2024-07-15 21:00:48 CPU:   12.45%, MEM:   2.90%, Observed PID: 524259
2024-07-15 21:00:49 CPU:   12.45%, MEM:   2.90%, Observed PID: 524259
2024-07-15 21:00:50 CPU:   12.46%, MEM:   2.90%, Observed PID: 524259
2024-07-15 21:00:51 CPU:   12.46%, MEM:   2.90%, Observed PID: 524259
2024-07-15 21:00:52 CPU:   12.46%, MEM:   2.90%, Observed PID: 524259
2024-07-15 21:00:53 CPU:   12.46%, MEM:   2.90%, Observed PID: 524259
2024-07-15 21:00:54 CPU:   12.46%, MEM:   2.90%, Observed PID: 524259
2024-07-15 21:00:55 CPU:   12.46%, MEM:   2.90%, Observed PID: 524259
2024-07-15 21:00:56 CPU:   12.46%, MEM:   2.90%, Observed PID: 524259
2024-07-15 21:00:57 CPU:   12.46%, MEM:   2.90%, Observed PID: 524259
2024-07-15 21:00:58 CPU:   12.46%, MEM:   2.90%, Observed PID: 524259
2024-07-15 21:00:59 CPU:   12.46%, MEM:   2.90%, Observed PID: 524259
2024-07-15 21:01:00 CPU:   12.46%, MEM:   2.90%, Observed PID: 524259
2024-07-15 21:01:01 CPU:   12.46%, MEM:   2.90%, Observed PID: 524259
2024-07-15 21:01:02 CPU:   12.46%, MEM:   2.90%, Observed PID: 524259
2024-07-15 21:01:03 CPU:   12.46%, MEM:   2.90%, Observed PID: 524259
2024-07-15 21:01:04 CPU:   12.46%, MEM:   2.90%, Observed PID: 524259
2024-07-15 21:01:05 CPU:   12.46%, MEM:   2.90%, Observed PID: 524259
2024-07-15 21:01:06 CPU:   12.46%, MEM:   2.90%, Observed PID: 524259
2024-07-15 21:01:07 CPU:   12.46%, MEM:   2.90%, Observed PID: 524259
2024-07-15 21:01:08 CPU:   12.48%, MEM:   2.90%, Observed PID: 524259
2024-07-15 21:01:09 CPU:   12.48%, MEM:   2.90%, Observed PID: 524259
2024-07-15 21:01:10 CPU:   12.48%, MEM:   2.90%, Observed PID: 524259
2024-07-15 21:01:11 CPU:   12.48%, MEM:   2.90%, Observed PID: 524259
2024-07-15 21:01:12 CPU:   12.48%, MEM:   2.90%, Observed PID: 524259
2024-07-15 21:01:13 CPU:   12.48%, MEM:   2.90%, Observed PID: 524259
2024-07-15 21:01:14 CPU:   12.48%, MEM:   2.90%, Observed PID: 524259
2024-07-15 21:01:15 CPU:   12.48%, MEM:   2.90%, Observed PID: 524259
2024-07-15 21:01:16 CPU:   12.48%, MEM:   2.90%, Observed PID: 524259
2024-07-15 21:01:17 CPU:   12.48%, MEM:   2.90%, Observed PID: 524259
2024-07-15 21:01:18 CPU:   12.48%, MEM:   2.90%, Observed PID: 524259
2024-07-15 21:01:19 CPU:   12.48%, MEM:   2.90%, Observed PID: 524259
2024-07-15 21:01:20 CPU:   12.48%, MEM:   2.90%, Observed PID: 524259
2024-07-15 21:01:21 CPU:   12.48%, MEM:   2.90%, Observed PID: 524259
2024-07-15 21:01:22 CPU:   12.48%, MEM:   2.90%, Observed PID: 524259
2024-07-15 21:01:23 CPU:   12.48%, MEM:   2.90%, Observed PID: 524259
2024-07-15 21:01:24 CPU:   12.48%, MEM:   2.90%, Observed PID: 524259
2024-07-15 21:01:25 CPU:   12.48%, MEM:   2.90%, Observed PID: 524259
2024-07-15 21:01:26 CPU:   12.48%, MEM:   2.90%, Observed PID: 524259
2024-07-15 21:01:27 CPU:   12.49%, MEM:   3.00%, Observed PID: 524259
2024-07-15 21:01:28 CPU:   12.49%, MEM:   3.00%, Observed PID: 524259
2024-07-15 21:01:29 CPU:   12.49%, MEM:   3.00%, Observed PID: 524259
2024-07-15 21:01:30 CPU:   12.49%, MEM:   3.00%, Observed PID: 524259
2024-07-15 21:01:31 CPU:   12.49%, MEM:   3.00%, Observed PID: 524259
2024-07-15 21:01:32 CPU:   12.49%, MEM:   3.00%, Observed PID: 524259
2024-07-15 21:01:33 CPU:   12.49%, MEM:   3.00%, Observed PID: 524259
2024-07-15 21:01:34 CPU:   12.49%, MEM:   3.00%, Observed PID: 524259
2024-07-15 21:01:35 CPU:   12.49%, MEM:   3.00%, Observed PID: 524259
2024-07-15 21:01:36 CPU:   12.49%, MEM:   3.00%, Observed PID: 524259
2024-07-15 21:01:37 CPU:   12.49%, MEM:   3.00%, Observed PID: 524259
2024-07-15 21:01:38 CPU:   12.49%, MEM:   3.00%, Observed PID: 524259
2024-07-15 21:01:39 CPU:   12.49%, MEM:   3.00%, Observed PID: 524259
2024-07-15 21:01:40 CPU:   12.49%, MEM:   3.00%, Observed PID: 524259
2024-07-15 21:01:41 CPU:   12.49%, MEM:   3.00%, Observed PID: 524259
2024-07-15 21:01:42 CPU:   12.49%, MEM:   3.00%, Observed PID: 524259
2024-07-15 21:01:44 CPU:   12.49%, MEM:   3.00%, Observed PID: 524259
2024-07-15 21:01:45 CPU:   12.49%, MEM:   3.00%, Observed PID: 524259
2024-07-15 21:01:46 CPU:   12.49%, MEM:   3.00%, Observed PID: 524259
2024-07-15 21:01:47 CPU:   12.49%, MEM:   3.00%, Observed PID: 524259
2024-07-15 21:01:48 CPU:   12.49%, MEM:   3.00%, Observed PID: 524259
2024-07-15 21:01:49 CPU:   12.49%, MEM:   3.00%, Observed PID: 524259
2024-07-15 21:01:50 CPU:   12.46%, MEM:   3.00%, Observed PID: 524259
2024-07-15 21:01:51 CPU:   12.46%, MEM:   3.00%, Observed PID: 524259
2024-07-15 21:01:52 CPU:   12.46%, MEM:   3.00%, Observed PID: 524259
2024-07-15 21:01:53 CPU:   12.46%, MEM:   3.00%, Observed PID: 524259
2024-07-15 21:01:54 CPU:   12.46%, MEM:   3.00%, Observed PID: 524259
2024-07-15 21:01:55 CPU:   12.46%, MEM:   3.00%, Observed PID: 524259
2024-07-15 21:01:56 CPU:   12.46%, MEM:   3.00%, Observed PID: 524259
2024-07-15 21:01:57 CPU:   12.46%, MEM:   3.00%, Observed PID: 524259
2024-07-15 21:01:58 CPU:   12.46%, MEM:   3.00%, Observed PID: 524259
2024-07-15 21:01:59 CPU:   12.46%, MEM:   3.00%, Observed PID: 524259
2024-07-15 21:02:00 CPU:   12.46%, MEM:   3.00%, Observed PID: 524259
2024-07-15 21:02:01 CPU:   12.46%, MEM:   3.00%, Observed PID: 524259
2024-07-15 21:02:02 CPU:   12.46%, MEM:   3.00%, Observed PID: 524259
2024-07-15 21:02:03 CPU:   12.46%, MEM:   3.00%, Observed PID: 524259
2024-07-15 21:02:04 CPU:   12.46%, MEM:   3.00%, Observed PID: 524259
2024-07-15 21:02:05 CPU:   12.46%, MEM:   3.00%, Observed PID: 524259
2024-07-15 21:02:06 CPU:   12.46%, MEM:   3.00%, Observed PID: 524259
2024-07-15 21:02:07 CPU:   12.46%, MEM:   3.00%, Observed PID: 524259
2024-07-15 21:02:08 CPU:   12.48%, MEM:   3.00%, Observed PID: 524259
2024-07-15 21:02:09 CPU:   12.48%, MEM:   3.00%, Observed PID: 524259
2024-07-15 21:02:10 CPU:   12.48%, MEM:   3.00%, Observed PID: 524259
2024-07-15 21:02:11 CPU:   12.48%, MEM:   3.00%, Observed PID: 524259
2024-07-15 21:02:12 CPU:   12.48%, MEM:   3.00%, Observed PID: 524259
2024-07-15 21:02:13 CPU:   12.48%, MEM:   3.00%, Observed PID: 524259
2024-07-15 21:02:14 CPU:   12.48%, MEM:   3.10%, Observed PID: 524259
2024-07-15 21:02:15 CPU:   12.48%, MEM:   3.10%, Observed PID: 524259
2024-07-15 21:02:16 CPU:   12.48%, MEM:   3.10%, Observed PID: 524259
2024-07-15 21:02:17 CPU:   12.48%, MEM:   3.10%, Observed PID: 524259
2024-07-15 21:02:18 CPU:   12.48%, MEM:   3.10%, Observed PID: 524259
2024-07-15 21:02:19 CPU:   12.48%, MEM:   3.10%, Observed PID: 524259
2024-07-15 21:02:20 CPU:   12.48%, MEM:   3.10%, Observed PID: 524259
2024-07-15 21:02:21 CPU:   12.48%, MEM:   3.10%, Observed PID: 524259
2024-07-15 21:02:22 CPU:   12.48%, MEM:   3.10%, Observed PID: 524259
2024-07-15 21:02:23 CPU:   12.48%, MEM:   3.10%, Observed PID: 524259
2024-07-15 21:02:24 CPU:   12.48%, MEM:   3.10%, Observed PID: 524259
2024-07-15 21:02:25 CPU:   12.48%, MEM:   3.10%, Observed PID: 524259
2024-07-15 21:02:26 CPU:   12.48%, MEM:   3.10%, Observed PID: 524259
2024-07-15 21:02:27 CPU:   12.48%, MEM:   3.10%, Observed PID: 524259
2024-07-15 21:02:28 CPU:   12.48%, MEM:   3.10%, Observed PID: 524259
2024-07-15 21:02:29 CPU:   12.48%, MEM:   3.10%, Observed PID: 524259
2024-07-15 21:02:30 CPU:   12.48%, MEM:   3.10%, Observed PID: 524259
2024-07-15 21:02:31 CPU:   12.48%, MEM:   3.10%, Observed PID: 524259
2024-07-15 21:02:32 CPU:   12.49%, MEM:   3.10%, Observed PID: 524259
2024-07-15 21:02:33 CPU:   12.49%, MEM:   3.10%, Observed PID: 524259
2024-07-15 21:02:34 CPU:   12.49%, MEM:   3.10%, Observed PID: 524259
2024-07-15 21:02:35 CPU:   12.49%, MEM:   3.10%, Observed PID: 524259
2024-07-15 21:02:36 CPU:   12.49%, MEM:   3.10%, Observed PID: 524259
2024-07-15 21:02:37 CPU:   12.49%, MEM:   3.10%, Observed PID: 524259
2024-07-15 21:02:38 CPU:   12.49%, MEM:   3.10%, Observed PID: 524259
2024-07-15 21:02:39 CPU:   12.49%, MEM:   3.10%, Observed PID: 524259
2024-07-15 21:02:40 CPU:   12.49%, MEM:   3.10%, Observed PID: 524259
2024-07-15 21:02:41 CPU:   12.49%, MEM:   3.10%, Observed PID: 524259
2024-07-15 21:02:42 CPU:   12.49%, MEM:   3.10%, Observed PID: 524259
2024-07-15 21:02:43 CPU:   12.49%, MEM:   3.10%, Observed PID: 524259
2024-07-15 21:02:44 CPU:   12.49%, MEM:   3.10%, Observed PID: 524259
2024-07-15 21:02:45 CPU:   12.49%, MEM:   3.10%, Observed PID: 524259
2024-07-15 21:02:46 CPU:   12.49%, MEM:   3.10%, Observed PID: 524259
2024-07-15 21:02:47 CPU:   12.49%, MEM:   3.10%, Observed PID: 524259
2024-07-15 21:02:48 CPU:   12.49%, MEM:   3.10%, Observed PID: 524259
2024-07-15 21:02:49 CPU:   12.49%, MEM:   3.10%, Observed PID: 524259
2024-07-15 21:02:50 CPU:   12.49%, MEM:   3.10%, Observed PID: 524259
2024-07-15 21:02:52 CPU:   12.49%, MEM:   3.10%, Observed PID: 524259
2024-07-15 21:02:53 CPU:   12.49%, MEM:   3.10%, Observed PID: 524259
2024-07-15 21:02:54 CPU:   12.49%, MEM:   3.10%, Observed PID: 524259
2024-07-15 21:02:55 CPU:   12.49%, MEM:   3.10%, Observed PID: 524259
2024-07-15 21:02:56 CPU:   12.49%, MEM:   3.10%, Observed PID: 524259
2024-07-15 21:02:57 CPU:   12.46%, MEM:   3.10%, Observed PID: 524259
2024-07-15 21:02:58 CPU:   12.46%, MEM:   3.10%, Observed PID: 524259
2024-07-15 21:02:59 CPU:   12.46%, MEM:   3.10%, Observed PID: 524259
2024-07-15 21:03:00 CPU:   12.46%, MEM:   3.20%, Observed PID: 524259
2024-07-15 21:03:01 CPU:   12.46%, MEM:   3.20%, Observed PID: 524259
2024-07-15 21:03:02 CPU:   12.46%, MEM:   3.20%, Observed PID: 524259
2024-07-15 21:03:03 CPU:   12.46%, MEM:   3.20%, Observed PID: 524259
2024-07-15 21:03:04 CPU:   12.46%, MEM:   3.20%, Observed PID: 524259
2024-07-15 21:03:05 CPU:   12.46%, MEM:   3.20%, Observed PID: 524259
2024-07-15 21:03:06 CPU:   12.46%, MEM:   3.20%, Observed PID: 524259
2024-07-15 21:03:07 CPU:   12.46%, MEM:   3.20%, Observed PID: 524259
2024-07-15 21:03:08 CPU:   12.48%, MEM:   3.20%, Observed PID: 524259
2024-07-15 21:03:09 CPU:   12.48%, MEM:   3.20%, Observed PID: 524259
2024-07-15 21:03:10 CPU:   12.48%, MEM:   3.20%, Observed PID: 524259
2024-07-15 21:03:11 CPU:   12.48%, MEM:   3.20%, Observed PID: 524259
2024-07-15 21:03:12 CPU:   12.48%, MEM:   3.20%, Observed PID: 524259
2024-07-15 21:03:13 CPU:   12.48%, MEM:   3.20%, Observed PID: 524259
2024-07-15 21:03:14 CPU:   12.48%, MEM:   3.20%, Observed PID: 524259
2024-07-15 21:03:15 CPU:   12.48%, MEM:   3.20%, Observed PID: 524259
2024-07-15 21:03:16 CPU:   12.48%, MEM:   3.20%, Observed PID: 524259
2024-07-15 21:03:17 CPU:   12.48%, MEM:   3.20%, Observed PID: 524259
2024-07-15 21:03:18 CPU:   12.48%, MEM:   3.20%, Observed PID: 524259
2024-07-15 21:03:19 CPU:   12.48%, MEM:   3.20%, Observed PID: 524259
2024-07-15 21:03:20 CPU:   12.48%, MEM:   3.20%, Observed PID: 524259
2024-07-15 21:03:21 CPU:   12.48%, MEM:   3.20%, Observed PID: 524259
2024-07-15 21:03:22 CPU:   12.48%, MEM:   3.20%, Observed PID: 524259
2024-07-15 21:03:23 CPU:   12.48%, MEM:   3.20%, Observed PID: 524259
2024-07-15 21:03:24 CPU:   12.48%, MEM:   3.20%, Observed PID: 524259
2024-07-15 21:03:25 CPU:   12.48%, MEM:   3.20%, Observed PID: 524259
2024-07-15 21:03:26 CPU:   12.48%, MEM:   3.20%, Observed PID: 524259
2024-07-15 21:03:27 CPU:   12.48%, MEM:   3.20%, Observed PID: 524259
2024-07-15 21:03:28 CPU:   12.48%, MEM:   3.20%, Observed PID: 524259
2024-07-15 21:03:29 CPU:   12.48%, MEM:   3.20%, Observed PID: 524259
2024-07-15 21:03:30 CPU:   12.48%, MEM:   3.20%, Observed PID: 524259
2024-07-15 21:03:31 CPU:   12.48%, MEM:   3.20%, Observed PID: 524259
2024-07-15 21:03:32 CPU:   12.48%, MEM:   3.20%, Observed PID: 524259
2024-07-15 21:03:33 CPU:   12.48%, MEM:   3.20%, Observed PID: 524259
2024-07-15 21:03:34 CPU:   12.48%, MEM:   3.20%, Observed PID: 524259
2024-07-15 21:03:35 CPU:   12.49%, MEM:   3.20%, Observed PID: 524259
2024-07-15 21:03:36 CPU:   12.49%, MEM:   3.20%, Observed PID: 524259
2024-07-15 21:03:37 CPU:   12.49%, MEM:   3.20%, Observed PID: 524259
2024-07-15 21:03:38 CPU:   12.49%, MEM:   3.20%, Observed PID: 524259
2024-07-15 21:03:39 CPU:   12.49%, MEM:   3.20%, Observed PID: 524259
2024-07-15 21:03:40 CPU:   12.49%, MEM:   3.20%, Observed PID: 524259
2024-07-15 21:03:41 CPU:   12.49%, MEM:   3.20%, Observed PID: 524259
2024-07-15 21:03:42 CPU:   12.49%, MEM:   3.20%, Observed PID: 524259
2024-07-15 21:03:43 CPU:   12.49%, MEM:   3.20%, Observed PID: 524259
2024-07-15 21:03:44 CPU:   12.49%, MEM:   3.20%, Observed PID: 524259
2024-07-15 21:03:45 CPU:   12.49%, MEM:   3.30%, Observed PID: 524259
2024-07-15 21:03:46 CPU:   12.49%, MEM:   3.30%, Observed PID: 524259
2024-07-15 21:03:47 CPU:   12.49%, MEM:   3.30%, Observed PID: 524259
2024-07-15 21:03:48 CPU:   12.49%, MEM:   3.30%, Observed PID: 524259
2024-07-15 21:03:49 CPU:   12.49%, MEM:   3.30%, Observed PID: 524259
2024-07-15 21:03:50 CPU:   12.49%, MEM:   3.30%, Observed PID: 524259
2024-07-15 21:03:51 CPU:   12.49%, MEM:   3.30%, Observed PID: 524259
2024-07-15 21:03:52 CPU:   12.49%, MEM:   3.30%, Observed PID: 524259
2024-07-15 21:03:53 CPU:   12.49%, MEM:   3.30%, Observed PID: 524259
2024-07-15 21:03:54 CPU:   12.49%, MEM:   3.30%, Observed PID: 524259
2024-07-15 21:03:55 CPU:   12.49%, MEM:   3.30%, Observed PID: 524259
2024-07-15 21:03:56 CPU:   12.49%, MEM:   3.30%, Observed PID: 524259
2024-07-15 21:03:57 CPU:   12.49%, MEM:   3.30%, Observed PID: 524259
2024-07-15 21:03:58 CPU:   12.49%, MEM:   3.30%, Observed PID: 524259
2024-07-15 21:03:59 CPU:   12.49%, MEM:   3.30%, Observed PID: 524259
2024-07-15 21:04:01 CPU:   12.49%, MEM:   3.30%, Observed PID: 524259
2024-07-15 21:04:02 CPU:   12.49%, MEM:   3.30%, Observed PID: 524259
2024-07-15 21:04:03 CPU:   12.49%, MEM:   3.30%, Observed PID: 524259
2024-07-15 21:04:04 CPU:   12.49%, MEM:   3.30%, Observed PID: 524259
2024-07-15 21:04:05 CPU:   12.49%, MEM:   3.30%, Observed PID: 524259
2024-07-15 21:04:06 CPU:   12.46%, MEM:   3.30%, Observed PID: 524259
2024-07-15 21:04:07 CPU:   12.46%, MEM:   3.30%, Observed PID: 524259
2024-07-15 21:04:08 CPU:   12.46%, MEM:   3.30%, Observed PID: 524259
2024-07-15 21:04:09 CPU:   12.48%, MEM:   3.30%, Observed PID: 524259
2024-07-15 21:04:10 CPU:   12.48%, MEM:   3.30%, Observed PID: 524259
2024-07-15 21:04:11 CPU:   12.48%, MEM:   3.30%, Observed PID: 524259
2024-07-15 21:04:12 CPU:   12.48%, MEM:   3.30%, Observed PID: 524259
2024-07-15 21:04:13 CPU:   12.48%, MEM:   3.30%, Observed PID: 524259
2024-07-15 21:04:14 CPU:   12.48%, MEM:   3.30%, Observed PID: 524259
2024-07-15 21:04:15 CPU:   12.48%, MEM:   3.30%, Observed PID: 524259
2024-07-15 21:04:16 CPU:   12.48%, MEM:   3.30%, Observed PID: 524259
2024-07-15 21:04:17 CPU:   12.48%, MEM:   3.30%, Observed PID: 524259
2024-07-15 21:04:18 CPU:   12.48%, MEM:   3.30%, Observed PID: 524259
2024-07-15 21:04:19 CPU:   12.48%, MEM:   3.30%, Observed PID: 524259
2024-07-15 21:04:20 CPU:   12.48%, MEM:   3.30%, Observed PID: 524259
2024-07-15 21:04:21 CPU:   12.48%, MEM:   3.30%, Observed PID: 524259
2024-07-15 21:04:22 CPU:   12.48%, MEM:   3.30%, Observed PID: 524259
2024-07-15 21:04:23 CPU:   12.48%, MEM:   3.30%, Observed PID: 524259
2024-07-15 21:04:24 CPU:   12.48%, MEM:   3.30%, Observed PID: 524259
2024-07-15 21:04:25 CPU:   12.48%, MEM:   3.30%, Observed PID: 524259
2024-07-15 21:04:26 CPU:   12.48%, MEM:   3.30%, Observed PID: 524259
2024-07-15 21:04:27 CPU:   12.48%, MEM:   3.40%, Observed PID: 524259
2024-07-15 21:04:28 CPU:   12.48%, MEM:   3.40%, Observed PID: 524259
2024-07-15 21:04:29 CPU:   12.48%, MEM:   3.40%, Observed PID: 524259
2024-07-15 21:04:30 CPU:   12.48%, MEM:   3.40%, Observed PID: 524259
2024-07-15 21:04:31 CPU:   12.48%, MEM:   3.40%, Observed PID: 524259
2024-07-15 21:04:32 CPU:   12.48%, MEM:   3.40%, Observed PID: 524259
2024-07-15 21:04:33 CPU:   12.48%, MEM:   3.40%, Observed PID: 524259
2024-07-15 21:04:34 CPU:   12.48%, MEM:   3.40%, Observed PID: 524259
2024-07-15 21:04:35 CPU:   12.48%, MEM:   3.40%, Observed PID: 524259
2024-07-15 21:04:36 CPU:   12.48%, MEM:   3.40%, Observed PID: 524259
2024-07-15 21:04:37 CPU:   12.48%, MEM:   3.40%, Observed PID: 524259
2024-07-15 21:04:38 CPU:   12.48%, MEM:   3.40%, Observed PID: 524259
2024-07-15 21:04:39 CPU:   12.48%, MEM:   3.40%, Observed PID: 524259
2024-07-15 21:04:40 CPU:   12.49%, MEM:   3.40%, Observed PID: 524259
2024-07-15 21:04:41 CPU:   12.49%, MEM:   3.40%, Observed PID: 524259
2024-07-15 21:04:42 CPU:   12.49%, MEM:   3.40%, Observed PID: 524259
2024-07-15 21:04:43 CPU:   12.49%, MEM:   3.40%, Observed PID: 524259
2024-07-15 21:04:44 CPU:   12.49%, MEM:   3.40%, Observed PID: 524259
2024-07-15 21:04:45 CPU:   12.49%, MEM:   3.40%, Observed PID: 524259
2024-07-15 21:04:46 CPU:   12.49%, MEM:   3.40%, Observed PID: 524259
2024-07-15 21:04:47 CPU:   12.49%, MEM:   3.40%, Observed PID: 524259
2024-07-15 21:04:48 CPU:   12.49%, MEM:   3.50%, Observed PID: 524259
2024-07-15 21:04:49 CPU:   12.49%, MEM:   3.50%, Observed PID: 524259
2024-07-15 21:04:50 CPU:   12.49%, MEM:   3.50%, Observed PID: 524259
2024-07-15 21:04:51 CPU:   12.49%, MEM:   3.50%, Observed PID: 524259
2024-07-15 21:04:52 CPU:   12.49%, MEM:   3.50%, Observed PID: 524259
2024-07-15 21:04:53 CPU:   12.49%, MEM:   3.50%, Observed PID: 524259
2024-07-15 21:04:54 CPU:   12.49%, MEM:   3.50%, Observed PID: 524259
2024-07-15 21:04:55 CPU:   12.49%, MEM:   3.50%, Observed PID: 524259
2024-07-15 21:04:56 CPU:   12.49%, MEM:   3.50%, Observed PID: 524259
2024-07-15 21:04:57 CPU:   12.49%, MEM:   3.50%, Observed PID: 524259
2024-07-15 21:04:58 CPU:   12.49%, MEM:   3.50%, Observed PID: 524259
2024-07-15 21:04:59 CPU:   12.49%, MEM:   3.50%, Observed PID: 524259
2024-07-15 21:05:00 CPU:   12.49%, MEM:   3.50%, Observed PID: 524259
2024-07-15 21:05:01 CPU:   12.49%, MEM:   3.50%, Observed PID: 524259
2024-07-15 21:05:02 CPU:   12.49%, MEM:   3.50%, Observed PID: 524259
2024-07-15 21:05:03 CPU:   12.49%, MEM:   3.50%, Observed PID: 524259
2024-07-15 21:05:04 CPU:   12.49%, MEM:   3.50%, Observed PID: 524259
2024-07-15 21:05:05 CPU:   12.49%, MEM:   3.50%, Observed PID: 524259
2024-07-15 21:05:06 CPU:   12.49%, MEM:   3.50%, Observed PID: 524259
2024-07-15 21:05:07 CPU:   12.49%, MEM:   3.50%, Observed PID: 524259
2024-07-15 21:05:08 CPU:   12.49%, MEM:   3.50%, Observed PID: 524259
2024-07-15 21:05:10 CPU:   12.49%, MEM:   3.50%, Observed PID: 524259
2024-07-15 21:05:11 CPU:   12.49%, MEM:   3.60%, Observed PID: 524259
2024-07-15 21:05:12 CPU:   12.49%, MEM:   3.60%, Observed PID: 524259
2024-07-15 21:05:13 CPU:   12.49%, MEM:   3.60%, Observed PID: 524259
2024-07-15 21:05:14 CPU:   12.49%, MEM:   3.60%, Observed PID: 524259
2024-07-15 21:05:15 CPU:   12.48%, MEM:   3.60%, Observed PID: 524259
2024-07-15 21:05:16 CPU:   12.48%, MEM:   3.60%, Observed PID: 524259
2024-07-15 21:05:17 CPU:   12.48%, MEM:   3.60%, Observed PID: 524259
2024-07-15 21:05:18 CPU:   12.48%, MEM:   3.60%, Observed PID: 524259
2024-07-15 21:05:19 CPU:   12.48%, MEM:   3.60%, Observed PID: 524259
2024-07-15 21:05:20 CPU:   12.48%, MEM:   3.60%, Observed PID: 524259
2024-07-15 21:05:21 CPU:   12.48%, MEM:   3.60%, Observed PID: 524259
2024-07-15 21:05:22 CPU:   12.48%, MEM:   3.60%, Observed PID: 524259
2024-07-15 21:05:23 CPU:   12.48%, MEM:   3.60%, Observed PID: 524259
2024-07-15 21:05:24 CPU:   12.48%, MEM:   3.60%, Observed PID: 524259
2024-07-15 21:05:25 CPU:   12.48%, MEM:   3.60%, Observed PID: 524259
2024-07-15 21:05:26 CPU:   12.48%, MEM:   3.60%, Observed PID: 524259
2024-07-15 21:05:27 CPU:   12.48%, MEM:   3.60%, Observed PID: 524259
2024-07-15 21:05:28 CPU:   12.48%, MEM:   3.60%, Observed PID: 524259
2024-07-15 21:05:29 CPU:   12.48%, MEM:   3.60%, Observed PID: 524259
2024-07-15 21:05:30 CPU:   12.48%, MEM:   3.60%, Observed PID: 524259
2024-07-15 21:05:31 CPU:   12.48%, MEM:   3.60%, Observed PID: 524259
2024-07-15 21:05:32 CPU:   12.48%, MEM:   3.70%, Observed PID: 524259
2024-07-15 21:05:33 CPU:   12.48%, MEM:   3.70%, Observed PID: 524259
2024-07-15 21:05:34 CPU:   12.48%, MEM:   3.70%, Observed PID: 524259
2024-07-15 21:05:35 CPU:   12.48%, MEM:   3.70%, Observed PID: 524259
2024-07-15 21:05:36 CPU:   12.48%, MEM:   3.70%, Observed PID: 524259
2024-07-15 21:05:37 CPU:   12.48%, MEM:   3.70%, Observed PID: 524259
2024-07-15 21:05:38 CPU:   12.48%, MEM:   3.70%, Observed PID: 524259
2024-07-15 21:05:39 CPU:   12.48%, MEM:   3.70%, Observed PID: 524259
2024-07-15 21:05:40 CPU:   12.48%, MEM:   3.70%, Observed PID: 524259
2024-07-15 21:05:41 CPU:   12.48%, MEM:   3.70%, Observed PID: 524259
2024-07-15 21:05:42 CPU:   12.48%, MEM:   3.70%, Observed PID: 524259
2024-07-15 21:05:43 CPU:   12.48%, MEM:   3.70%, Observed PID: 524259
2024-07-15 21:05:44 CPU:   12.49%, MEM:   3.70%, Observed PID: 524259
2024-07-15 21:05:45 CPU:   12.49%, MEM:   3.70%, Observed PID: 524259
2024-07-15 21:05:46 CPU:   12.49%, MEM:   3.70%, Observed PID: 524259
2024-07-15 21:05:47 CPU:   12.49%, MEM:   3.70%, Observed PID: 524259
2024-07-15 21:05:48 CPU:   12.49%, MEM:   3.70%, Observed PID: 524259
2024-07-15 21:05:49 CPU:   12.49%, MEM:   3.70%, Observed PID: 524259
2024-07-15 21:05:50 CPU:   12.49%, MEM:   3.70%, Observed PID: 524259
2024-07-15 21:05:51 CPU:   12.49%, MEM:   3.70%, Observed PID: 524259
2024-07-15 21:05:52 CPU:   12.49%, MEM:   3.70%, Observed PID: 524259
2024-07-15 21:05:53 CPU:   12.49%, MEM:   3.80%, Observed PID: 524259
2024-07-15 21:05:54 CPU:   12.49%, MEM:   3.80%, Observed PID: 524259
2024-07-15 21:05:55 CPU:   12.49%, MEM:   3.80%, Observed PID: 524259
2024-07-15 21:05:56 CPU:   12.49%, MEM:   3.80%, Observed PID: 524259
2024-07-15 21:05:57 CPU:   12.49%, MEM:   3.80%, Observed PID: 524259
2024-07-15 21:05:58 CPU:   12.49%, MEM:   3.80%, Observed PID: 524259
2024-07-15 21:05:59 CPU:   12.49%, MEM:   3.80%, Observed PID: 524259
2024-07-15 21:06:00 CPU:   12.49%, MEM:   3.80%, Observed PID: 524259
2024-07-15 21:06:01 CPU:   12.49%, MEM:   3.80%, Observed PID: 524259
2024-07-15 21:06:02 CPU:   12.49%, MEM:   3.80%, Observed PID: 524259
2024-07-15 21:06:03 CPU:   12.49%, MEM:   3.80%, Observed PID: 524259
2024-07-15 21:06:04 CPU:   12.49%, MEM:   3.80%, Observed PID: 524259
2024-07-15 21:06:05 CPU:   12.49%, MEM:   3.80%, Observed PID: 524259
2024-07-15 21:06:06 CPU:   12.49%, MEM:   3.80%, Observed PID: 524259
2024-07-15 21:06:07 CPU:   12.49%, MEM:   3.80%, Observed PID: 524259
2024-07-15 21:06:08 CPU:   12.49%, MEM:   3.80%, Observed PID: 524259
2024-07-15 21:06:09 CPU:   12.49%, MEM:   3.80%, Observed PID: 524259
2024-07-15 21:06:10 CPU:   12.49%, MEM:   3.80%, Observed PID: 524259
2024-07-15 21:06:11 CPU:   12.49%, MEM:   3.80%, Observed PID: 524259
2024-07-15 21:06:12 CPU:   12.49%, MEM:   3.80%, Observed PID: 524259
2024-07-15 21:06:13 CPU:   12.49%, MEM:   3.80%, Observed PID: 524259
2024-07-15 21:06:14 CPU:   12.49%, MEM:   3.80%, Observed PID: 524259
2024-07-15 21:06:15 CPU:   12.49%, MEM:   3.90%, Observed PID: 524259
2024-07-15 21:06:16 CPU:   12.49%, MEM:   3.90%, Observed PID: 524259
2024-07-15 21:06:18 CPU:   12.49%, MEM:   3.90%, Observed PID: 524259
2024-07-15 21:06:19 CPU:   12.49%, MEM:   3.90%, Observed PID: 524259
2024-07-15 21:06:20 CPU:   12.49%, MEM:   3.90%, Observed PID: 524259
2024-07-15 21:06:21 CPU:   12.49%, MEM:   3.90%, Observed PID: 524259
2024-07-15 21:06:22 CPU:   12.49%, MEM:   3.90%, Observed PID: 524259
2024-07-15 21:06:23 CPU:   12.49%, MEM:   3.90%, Observed PID: 524259
2024-07-15 21:06:24 CPU:   12.48%, MEM:   3.90%, Observed PID: 524259
2024-07-15 21:06:25 CPU:   12.48%, MEM:   3.90%, Observed PID: 524259
2024-07-15 21:06:26 CPU:   12.48%, MEM:   3.90%, Observed PID: 524259
2024-07-15 21:06:27 CPU:   12.48%, MEM:   3.90%, Observed PID: 524259
2024-07-15 21:06:28 CPU:   12.48%, MEM:   3.90%, Observed PID: 524259
2024-07-15 21:06:29 CPU:   12.48%, MEM:   3.90%, Observed PID: 524259
2024-07-15 21:06:30 CPU:   12.48%, MEM:   3.90%, Observed PID: 524259
2024-07-15 21:06:31 CPU:   12.48%, MEM:   3.90%, Observed PID: 524259
2024-07-15 21:06:32 CPU:   12.48%, MEM:   3.90%, Observed PID: 524259
2024-07-15 21:06:33 CPU:   12.48%, MEM:   3.90%, Observed PID: 524259
2024-07-15 21:06:34 CPU:   12.48%, MEM:   3.90%, Observed PID: 524259
2024-07-15 21:06:35 CPU:   12.48%, MEM:   3.90%, Observed PID: 524259
2024-07-15 21:06:36 CPU:   12.48%, MEM:   3.90%, Observed PID: 524259
2024-07-15 21:06:37 CPU:   12.48%, MEM:   4.00%, Observed PID: 524259
2024-07-15 21:06:38 CPU:   12.48%, MEM:   4.00%, Observed PID: 524259
2024-07-15 21:06:39 CPU:   12.48%, MEM:   4.00%, Observed PID: 524259
2024-07-15 21:06:40 CPU:   12.48%, MEM:   4.00%, Observed PID: 524259
2024-07-15 21:06:41 CPU:   12.48%, MEM:   4.00%, Observed PID: 524259
2024-07-15 21:06:42 CPU:   12.48%, MEM:   4.00%, Observed PID: 524259
2024-07-15 21:06:43 CPU:   12.48%, MEM:   4.00%, Observed PID: 524259
2024-07-15 21:06:44 CPU:   12.48%, MEM:   4.00%, Observed PID: 524259
2024-07-15 21:06:45 CPU:   12.48%, MEM:   4.00%, Observed PID: 524259
2024-07-15 21:06:46 CPU:   12.48%, MEM:   4.00%, Observed PID: 524259
2024-07-15 21:06:47 CPU:   12.48%, MEM:   4.00%, Observed PID: 524259
2024-07-15 21:06:48 CPU:   12.48%, MEM:   4.00%, Observed PID: 524259
2024-07-15 21:06:49 CPU:   12.49%, MEM:   4.00%, Observed PID: 524259
2024-07-15 21:06:50 CPU:   12.49%, MEM:   4.00%, Observed PID: 524259
2024-07-15 21:06:51 CPU:   12.49%, MEM:   4.00%, Observed PID: 524259
2024-07-15 21:06:52 CPU:   12.49%, MEM:   4.00%, Observed PID: 524259
2024-07-15 21:06:53 CPU:   12.49%, MEM:   4.00%, Observed PID: 524259
2024-07-15 21:06:54 CPU:   12.49%, MEM:   4.00%, Observed PID: 524259
2024-07-15 21:06:55 CPU:   12.49%, MEM:   4.00%, Observed PID: 524259
2024-07-15 21:06:56 CPU:   12.49%, MEM:   4.00%, Observed PID: 524259
2024-07-15 21:06:57 CPU:   12.49%, MEM:   4.00%, Observed PID: 524259
2024-07-15 21:06:58 CPU:   12.49%, MEM:   4.10%, Observed PID: 524259
2024-07-15 21:06:59 CPU:   12.49%, MEM:   4.10%, Observed PID: 524259
2024-07-15 21:07:00 CPU:   12.49%, MEM:   4.10%, Observed PID: 524259
2024-07-15 21:07:01 CPU:   12.49%, MEM:   4.10%, Observed PID: 524259
2024-07-15 21:07:02 CPU:   12.49%, MEM:   4.10%, Observed PID: 524259
2024-07-15 21:07:03 CPU:   12.49%, MEM:   4.10%, Observed PID: 524259
2024-07-15 21:07:04 CPU:   12.49%, MEM:   4.10%, Observed PID: 524259
2024-07-15 21:07:05 CPU:   12.49%, MEM:   4.10%, Observed PID: 524259
2024-07-15 21:07:06 CPU:   12.49%, MEM:   4.10%, Observed PID: 524259
2024-07-15 21:07:07 CPU:   12.49%, MEM:   4.10%, Observed PID: 524259
2024-07-15 21:07:08 CPU:   12.49%, MEM:   4.10%, Observed PID: 524259
2024-07-15 21:07:09 CPU:   12.49%, MEM:   4.10%, Observed PID: 524259
2024-07-15 21:07:10 CPU:   12.49%, MEM:   4.10%, Observed PID: 524259
2024-07-15 21:07:11 CPU:   12.49%, MEM:   4.10%, Observed PID: 524259
2024-07-15 21:07:12 CPU:   12.49%, MEM:   4.10%, Observed PID: 524259
2024-07-15 21:07:13 CPU:   12.49%, MEM:   4.10%, Observed PID: 524259
2024-07-15 21:07:14 CPU:   12.49%, MEM:   4.10%, Observed PID: 524259
2024-07-15 21:07:15 CPU:   12.49%, MEM:   4.10%, Observed PID: 524259
2024-07-15 21:07:16 CPU:   12.49%, MEM:   4.10%, Observed PID: 524259
2024-07-15 21:07:17 CPU:   12.49%, MEM:   4.10%, Observed PID: 524259
2024-07-15 21:07:18 CPU:   12.49%, MEM:   4.10%, Observed PID: 524259
2024-07-15 21:07:19 CPU:   12.49%, MEM:   4.10%, Observed PID: 524259
2024-07-15 21:07:20 CPU:   12.49%, MEM:   4.20%, Observed PID: 524259
2024-07-15 21:07:21 CPU:   12.49%, MEM:   4.20%, Observed PID: 524259
2024-07-15 21:07:22 CPU:   12.49%, MEM:   4.20%, Observed PID: 524259
2024-07-15 21:07:23 CPU:   12.49%, MEM:   4.20%, Observed PID: 524259
2024-07-15 21:07:24 CPU:   12.49%, MEM:   4.20%, Observed PID: 524259
2024-07-15 21:07:25 CPU:   12.49%, MEM:   4.20%, Observed PID: 524259
2024-07-15 21:07:26 CPU:   12.49%, MEM:   4.20%, Observed PID: 524259
2024-07-15 21:07:28 CPU:   12.49%, MEM:   4.20%, Observed PID: 524259
2024-07-15 21:07:29 CPU:   12.49%, MEM:   4.20%, Observed PID: 524259
2024-07-15 21:07:30 CPU:   12.49%, MEM:   4.20%, Observed PID: 524259
2024-07-15 21:07:31 CPU:   12.49%, MEM:   4.20%, Observed PID: 524259
2024-07-15 21:07:32 CPU:   12.49%, MEM:   4.20%, Observed PID: 524259
2024-07-15 21:07:33 CPU:   12.48%, MEM:   4.20%, Observed PID: 524259
2024-07-15 21:07:34 CPU:   12.48%, MEM:   4.20%, Observed PID: 524259
2024-07-15 21:07:35 CPU:   12.48%, MEM:   4.20%, Observed PID: 524259
2024-07-15 21:07:36 CPU:   12.48%, MEM:   4.20%, Observed PID: 524259
2024-07-15 21:07:37 CPU:   12.48%, MEM:   4.20%, Observed PID: 524259
2024-07-15 21:07:38 CPU:   12.48%, MEM:   4.20%, Observed PID: 524259
2024-07-15 21:07:39 CPU:   12.48%, MEM:   4.20%, Observed PID: 524259
2024-07-15 21:07:40 CPU:   12.48%, MEM:   4.20%, Observed PID: 524259
2024-07-15 21:07:41 CPU:   12.48%, MEM:   4.20%, Observed PID: 524259
2024-07-15 21:07:42 CPU:   12.48%, MEM:   4.30%, Observed PID: 524259
2024-07-15 21:07:43 CPU:   12.48%, MEM:   4.30%, Observed PID: 524259
2024-07-15 21:07:44 CPU:   12.48%, MEM:   4.30%, Observed PID: 524259
2024-07-15 21:07:45 CPU:   12.48%, MEM:   4.30%, Observed PID: 524259
2024-07-15 21:07:46 CPU:   12.48%, MEM:   4.30%, Observed PID: 524259
2024-07-15 21:07:47 CPU:   12.48%, MEM:   4.30%, Observed PID: 524259
2024-07-15 21:07:48 CPU:   12.48%, MEM:   4.30%, Observed PID: 524259
2024-07-15 21:07:49 CPU:   12.48%, MEM:   4.30%, Observed PID: 524259
2024-07-15 21:07:50 CPU:   12.48%, MEM:   4.30%, Observed PID: 524259
2024-07-15 21:07:51 CPU:   12.48%, MEM:   4.30%, Observed PID: 524259
2024-07-15 21:07:52 CPU:   12.48%, MEM:   4.30%, Observed PID: 524259
2024-07-15 21:07:53 CPU:   12.48%, MEM:   4.30%, Observed PID: 524259
2024-07-15 21:07:54 CPU:   12.49%, MEM:   4.30%, Observed PID: 524259
2024-07-15 21:07:55 CPU:   12.49%, MEM:   4.30%, Observed PID: 524259
2024-07-15 21:07:56 CPU:   12.49%, MEM:   4.30%, Observed PID: 524259
2024-07-15 21:07:57 CPU:   12.49%, MEM:   4.30%, Observed PID: 524259
2024-07-15 21:07:58 CPU:   12.49%, MEM:   4.30%, Observed PID: 524259
2024-07-15 21:07:59 CPU:   12.49%, MEM:   4.30%, Observed PID: 524259
2024-07-15 21:08:00 CPU:   12.49%, MEM:   4.30%, Observed PID: 524259
2024-07-15 21:08:01 CPU:   12.49%, MEM:   4.30%, Observed PID: 524259
2024-07-15 21:08:02 CPU:   12.49%, MEM:   4.30%, Observed PID: 524259
2024-07-15 21:08:03 CPU:   12.49%, MEM:   4.30%, Observed PID: 524259
2024-07-15 21:08:04 CPU:   12.49%, MEM:   4.40%, Observed PID: 524259
2024-07-15 21:08:05 CPU:   12.49%, MEM:   4.40%, Observed PID: 524259
2024-07-15 21:08:06 CPU:   12.49%, MEM:   4.40%, Observed PID: 524259
2024-07-15 21:08:07 CPU:   12.49%, MEM:   4.40%, Observed PID: 524259
2024-07-15 21:08:08 CPU:   12.49%, MEM:   4.40%, Observed PID: 524259
2024-07-15 21:08:09 CPU:   12.49%, MEM:   4.40%, Observed PID: 524259
2024-07-15 21:08:10 CPU:   12.49%, MEM:   4.40%, Observed PID: 524259
2024-07-15 21:08:11 CPU:   12.49%, MEM:   4.40%, Observed PID: 524259
2024-07-15 21:08:12 CPU:   12.49%, MEM:   4.40%, Observed PID: 524259
2024-07-15 21:08:13 CPU:   12.49%, MEM:   4.40%, Observed PID: 524259
2024-07-15 21:08:14 CPU:   12.49%, MEM:   4.40%, Observed PID: 524259
2024-07-15 21:08:15 CPU:   12.49%, MEM:   4.40%, Observed PID: 524259
2024-07-15 21:08:16 CPU:   12.49%, MEM:   4.40%, Observed PID: 524259
2024-07-15 21:08:17 CPU:   12.49%, MEM:   4.40%, Observed PID: 524259
2024-07-15 21:08:18 CPU:   12.49%, MEM:   4.40%, Observed PID: 524259
2024-07-15 21:08:19 CPU:   12.49%, MEM:   4.40%, Observed PID: 524259
2024-07-15 21:08:20 CPU:   12.49%, MEM:   4.40%, Observed PID: 524259
2024-07-15 21:08:21 CPU:   12.49%, MEM:   4.40%, Observed PID: 524259
2024-07-15 21:08:22 CPU:   12.49%, MEM:   4.40%, Observed PID: 524259
2024-07-15 21:08:23 CPU:   12.49%, MEM:   4.40%, Observed PID: 524259
2024-07-15 21:08:24 CPU:   12.49%, MEM:   4.40%, Observed PID: 524259
2024-07-15 21:08:25 CPU:   12.49%, MEM:   4.50%, Observed PID: 524259
2024-07-15 21:08:26 CPU:   12.49%, MEM:   4.50%, Observed PID: 524259
2024-07-15 21:08:27 CPU:   12.49%, MEM:   4.50%, Observed PID: 524259
2024-07-15 21:08:28 CPU:   12.49%, MEM:   4.50%, Observed PID: 524259
2024-07-15 21:08:29 CPU:   12.49%, MEM:   4.50%, Observed PID: 524259
2024-07-15 21:08:30 CPU:   12.49%, MEM:   4.50%, Observed PID: 524259
2024-07-15 21:08:31 CPU:   12.49%, MEM:   4.50%, Observed PID: 524259
2024-07-15 21:08:32 CPU:   12.49%, MEM:   4.50%, Observed PID: 524259
2024-07-15 21:08:33 CPU:   12.49%, MEM:   4.50%, Observed PID: 524259
2024-07-15 21:08:34 CPU:   12.49%, MEM:   4.50%, Observed PID: 524259
2024-07-15 21:08:36 CPU:   12.49%, MEM:   4.50%, Observed PID: 524259
2024-07-15 21:08:37 CPU:   12.49%, MEM:   4.50%, Observed PID: 524259
2024-07-15 21:08:38 CPU:   12.49%, MEM:   4.50%, Observed PID: 524259
2024-07-15 21:08:39 CPU:   12.49%, MEM:   4.50%, Observed PID: 524259
2024-07-15 21:08:40 CPU:   12.49%, MEM:   4.50%, Observed PID: 524259
2024-07-15 21:08:41 CPU:   12.49%, MEM:   4.50%, Observed PID: 524259
2024-07-15 21:08:42 CPU:   12.48%, MEM:   4.50%, Observed PID: 524259
2024-07-15 21:08:43 CPU:   12.48%, MEM:   4.50%, Observed PID: 524259
2024-07-15 21:08:44 CPU:   12.48%, MEM:   4.50%, Observed PID: 524259
2024-07-15 21:08:45 CPU:   12.48%, MEM:   4.50%, Observed PID: 524259
2024-07-15 21:08:46 CPU:   12.48%, MEM:   4.50%, Observed PID: 524259
2024-07-15 21:08:47 CPU:   12.48%, MEM:   4.60%, Observed PID: 524259
2024-07-15 21:08:48 CPU:   12.48%, MEM:   4.60%, Observed PID: 524259
2024-07-15 21:08:49 CPU:   12.48%, MEM:   4.60%, Observed PID: 524259
2024-07-15 21:08:50 CPU:   12.48%, MEM:   4.60%, Observed PID: 524259
2024-07-15 21:08:51 CPU:   12.48%, MEM:   4.60%, Observed PID: 524259
2024-07-15 21:08:52 CPU:   12.48%, MEM:   4.60%, Observed PID: 524259
2024-07-15 21:08:53 CPU:   12.48%, MEM:   4.60%, Observed PID: 524259
2024-07-15 21:08:54 CPU:   12.48%, MEM:   4.60%, Observed PID: 524259
2024-07-15 21:08:55 CPU:   12.48%, MEM:   4.60%, Observed PID: 524259
2024-07-15 21:08:56 CPU:   12.48%, MEM:   4.60%, Observed PID: 524259
2024-07-15 21:08:57 CPU:   12.48%, MEM:   4.60%, Observed PID: 524259
2024-07-15 21:08:58 CPU:   12.49%, MEM:   4.60%, Observed PID: 524259
2024-07-15 21:08:59 CPU:   12.49%, MEM:   4.60%, Observed PID: 524259
2024-07-15 21:09:00 CPU:   12.49%, MEM:   4.60%, Observed PID: 524259
2024-07-15 21:09:01 CPU:   12.49%, MEM:   4.60%, Observed PID: 524259
2024-07-15 21:09:02 CPU:   12.49%, MEM:   4.60%, Observed PID: 524259
2024-07-15 21:09:03 CPU:   12.49%, MEM:   4.60%, Observed PID: 524259
2024-07-15 21:09:04 CPU:   12.49%, MEM:   4.60%, Observed PID: 524259
2024-07-15 21:09:05 CPU:   12.49%, MEM:   4.60%, Observed PID: 524259
2024-07-15 21:09:06 CPU:   12.49%, MEM:   4.60%, Observed PID: 524259
2024-07-15 21:09:07 CPU:   12.49%, MEM:   4.60%, Observed PID: 524259
2024-07-15 21:09:08 CPU:   12.49%, MEM:   4.60%, Observed PID: 524259
2024-07-15 21:09:09 CPU:   12.49%, MEM:   4.70%, Observed PID: 524259
2024-07-15 21:09:10 CPU:   12.49%, MEM:   4.70%, Observed PID: 524259
2024-07-15 21:09:11 CPU:   12.49%, MEM:   4.70%, Observed PID: 524259
2024-07-15 21:09:12 CPU:   12.49%, MEM:   4.70%, Observed PID: 524259
2024-07-15 21:09:13 CPU:   12.49%, MEM:   4.70%, Observed PID: 524259
2024-07-15 21:09:14 CPU:   12.49%, MEM:   4.70%, Observed PID: 524259
2024-07-15 21:09:15 CPU:   12.49%, MEM:   4.70%, Observed PID: 524259
2024-07-15 21:09:16 CPU:   12.49%, MEM:   4.70%, Observed PID: 524259
2024-07-15 21:09:17 CPU:   12.49%, MEM:   4.70%, Observed PID: 524259
2024-07-15 21:09:18 CPU:   12.49%, MEM:   4.70%, Observed PID: 524259
2024-07-15 21:09:19 CPU:   12.49%, MEM:   4.70%, Observed PID: 524259
2024-07-15 21:09:20 CPU:   12.49%, MEM:   4.70%, Observed PID: 524259
2024-07-15 21:09:21 CPU:   12.49%, MEM:   4.70%, Observed PID: 524259
2024-07-15 21:09:22 CPU:   12.49%, MEM:   4.70%, Observed PID: 524259
2024-07-15 21:09:23 CPU:   12.49%, MEM:   4.70%, Observed PID: 524259
2024-07-15 21:09:24 CPU:   12.49%, MEM:   4.70%, Observed PID: 524259
2024-07-15 21:09:25 CPU:   12.49%, MEM:   4.70%, Observed PID: 524259
2024-07-15 21:09:26 CPU:   12.49%, MEM:   4.70%, Observed PID: 524259
2024-07-15 21:09:27 CPU:   12.49%, MEM:   4.70%, Observed PID: 524259
2024-07-15 21:09:28 CPU:   12.49%, MEM:   4.70%, Observed PID: 524259
2024-07-15 21:09:29 CPU:   12.49%, MEM:   4.70%, Observed PID: 524259
2024-07-15 21:09:30 CPU:   12.49%, MEM:   4.80%, Observed PID: 524259
2024-07-15 21:09:31 CPU:   12.49%, MEM:   4.80%, Observed PID: 524259
2024-07-15 21:09:32 CPU:   12.49%, MEM:   4.80%, Observed PID: 524259
2024-07-15 21:09:33 CPU:   12.49%, MEM:   4.80%, Observed PID: 524259
2024-07-15 21:09:34 CPU:   12.49%, MEM:   4.80%, Observed PID: 524259
2024-07-15 21:09:35 CPU:   12.49%, MEM:   4.80%, Observed PID: 524259
2024-07-15 21:09:36 CPU:   12.49%, MEM:   4.80%, Observed PID: 524259
2024-07-15 21:09:37 CPU:   12.49%, MEM:   4.80%, Observed PID: 524259
2024-07-15 21:09:38 CPU:   12.49%, MEM:   4.80%, Observed PID: 524259
2024-07-15 21:09:39 CPU:   12.49%, MEM:   4.80%, Observed PID: 524259
2024-07-15 21:09:40 CPU:   12.49%, MEM:   4.80%, Observed PID: 524259
2024-07-15 21:09:41 CPU:   12.49%, MEM:   4.80%, Observed PID: 524259
2024-07-15 21:09:42 CPU:   12.49%, MEM:   4.80%, Observed PID: 524259
2024-07-15 21:09:43 CPU:   12.49%, MEM:   4.80%, Observed PID: 524259
2024-07-15 21:09:45 CPU:   12.49%, MEM:   4.80%, Observed PID: 524259
2024-07-15 21:09:46 CPU:   12.49%, MEM:   4.80%, Observed PID: 524259
2024-07-15 21:09:47 CPU:   12.49%, MEM:   4.80%, Observed PID: 524259
2024-07-15 21:09:48 CPU:   12.49%, MEM:   4.80%, Observed PID: 524259
2024-07-15 21:09:49 CPU:   12.49%, MEM:   4.80%, Observed PID: 524259
2024-07-15 21:09:50 CPU:   12.49%, MEM:   4.80%, Observed PID: 524259
2024-07-15 21:09:51 CPU:   12.48%, MEM:   4.80%, Observed PID: 524259
2024-07-15 21:09:52 CPU:   12.48%, MEM:   4.80%, Observed PID: 524259
2024-07-15 21:09:53 CPU:   12.48%, MEM:   4.90%, Observed PID: 524259
2024-07-15 21:09:54 CPU:   12.48%, MEM:   4.90%, Observed PID: 524259
2024-07-15 21:09:55 CPU:   12.48%, MEM:   4.90%, Observed PID: 524259
2024-07-15 21:09:56 CPU:   12.48%, MEM:   4.90%, Observed PID: 524259
2024-07-15 21:09:57 CPU:   12.48%, MEM:   4.90%, Observed PID: 524259
2024-07-15 21:09:58 CPU:   12.48%, MEM:   4.90%, Observed PID: 524259
2024-07-15 21:09:59 CPU:   12.48%, MEM:   4.90%, Observed PID: 524259
2024-07-15 21:10:00 CPU:   12.48%, MEM:   4.90%, Observed PID: 524259
2024-07-15 21:10:01 CPU:   12.48%, MEM:   4.90%, Observed PID: 524259
2024-07-15 21:10:02 CPU:   12.48%, MEM:   4.90%, Observed PID: 524259
2024-07-15 21:10:03 CPU:   12.49%, MEM:   4.90%, Observed PID: 524259
2024-07-15 21:10:04 CPU:   12.49%, MEM:   4.90%, Observed PID: 524259
2024-07-15 21:10:05 CPU:   12.49%, MEM:   4.90%, Observed PID: 524259
2024-07-15 21:10:06 CPU:   12.49%, MEM:   4.90%, Observed PID: 524259
2024-07-15 21:10:07 CPU:   12.49%, MEM:   4.90%, Observed PID: 524259
2024-07-15 21:10:08 CPU:   12.49%, MEM:   4.90%, Observed PID: 524259
2024-07-15 21:10:09 CPU:   12.49%, MEM:   4.90%, Observed PID: 524259
2024-07-15 21:10:10 CPU:   12.49%, MEM:   4.90%, Observed PID: 524259
2024-07-15 21:10:11 CPU:   12.49%, MEM:   4.90%, Observed PID: 524259
2024-07-15 21:10:12 CPU:   12.49%, MEM:   4.90%, Observed PID: 524259
2024-07-15 21:10:13 CPU:   12.49%, MEM:   4.90%, Observed PID: 524259
2024-07-15 21:10:14 CPU:   12.49%, MEM:   5.00%, Observed PID: 524259
2024-07-15 21:10:15 CPU:   12.49%, MEM:   5.00%, Observed PID: 524259
2024-07-15 21:10:16 CPU:   12.49%, MEM:   5.00%, Observed PID: 524259
2024-07-15 21:10:17 CPU:   12.49%, MEM:   5.00%, Observed PID: 524259
2024-07-15 21:10:18 CPU:   12.49%, MEM:   5.00%, Observed PID: 524259
2024-07-15 21:10:19 CPU:   12.49%, MEM:   5.00%, Observed PID: 524259
2024-07-15 21:10:20 CPU:   12.49%, MEM:   5.00%, Observed PID: 524259
2024-07-15 21:10:21 CPU:   12.49%, MEM:   5.00%, Observed PID: 524259
2024-07-15 21:10:22 CPU:   12.49%, MEM:   5.00%, Observed PID: 524259
2024-07-15 21:10:23 CPU:   12.49%, MEM:   5.00%, Observed PID: 524259
2024-07-15 21:10:24 CPU:   12.49%, MEM:   5.00%, Observed PID: 524259
2024-07-15 21:10:25 CPU:   12.49%, MEM:   5.00%, Observed PID: 524259
2024-07-15 21:10:26 CPU:   12.49%, MEM:   5.00%, Observed PID: 524259
2024-07-15 21:10:27 CPU:   12.49%, MEM:   5.00%, Observed PID: 524259
2024-07-15 21:10:28 CPU:   12.49%, MEM:   5.00%, Observed PID: 524259
2024-07-15 21:10:29 CPU:   12.49%, MEM:   5.00%, Observed PID: 524259
2024-07-15 21:10:30 CPU:   12.49%, MEM:   5.00%, Observed PID: 524259
2024-07-15 21:10:31 CPU:   12.49%, MEM:   5.00%, Observed PID: 524259
2024-07-15 21:10:32 CPU:   12.49%, MEM:   5.00%, Observed PID: 524259
2024-07-15 21:10:33 CPU:   12.49%, MEM:   5.00%, Observed PID: 524259
2024-07-15 21:10:34 CPU:   12.49%, MEM:   5.00%, Observed PID: 524259
2024-07-15 21:10:35 CPU:   12.49%, MEM:   5.10%, Observed PID: 524259
2024-07-15 21:10:36 CPU:   12.49%, MEM:   5.10%, Observed PID: 524259
2024-07-15 21:10:37 CPU:   12.49%, MEM:   5.10%, Observed PID: 524259
2024-07-15 21:10:38 CPU:   12.49%, MEM:   5.10%, Observed PID: 524259
2024-07-15 21:10:39 CPU:   12.49%, MEM:   5.10%, Observed PID: 524259
2024-07-15 21:10:40 CPU:   12.49%, MEM:   5.10%, Observed PID: 524259
2024-07-15 21:10:41 CPU:   12.49%, MEM:   5.10%, Observed PID: 524259
2024-07-15 21:10:42 CPU:   12.49%, MEM:   5.10%, Observed PID: 524259
2024-07-15 21:10:43 CPU:   12.49%, MEM:   5.10%, Observed PID: 524259
2024-07-15 21:10:44 CPU:   12.49%, MEM:   5.10%, Observed PID: 524259
2024-07-15 21:10:45 CPU:   12.49%, MEM:   5.10%, Observed PID: 524259
2024-07-15 21:10:46 CPU:   12.49%, MEM:   5.10%, Observed PID: 524259
2024-07-15 21:10:47 CPU:   12.49%, MEM:   5.10%, Observed PID: 524259
2024-07-15 21:10:48 CPU:   12.49%, MEM:   5.10%, Observed PID: 524259
2024-07-15 21:10:49 CPU:   12.49%, MEM:   5.10%, Observed PID: 524259
2024-07-15 21:10:50 CPU:   12.49%, MEM:   5.10%, Observed PID: 524259
2024-07-15 21:10:51 CPU:   12.49%, MEM:   5.10%, Observed PID: 524259
2024-07-15 21:10:52 CPU:   12.49%, MEM:   5.10%, Observed PID: 524259
2024-07-15 21:10:54 CPU:   12.49%, MEM:   5.10%, Observed PID: 524259
2024-07-15 21:10:55 CPU:   12.49%, MEM:   5.10%, Observed PID: 524259
2024-07-15 21:10:56 CPU:   12.49%, MEM:   5.10%, Observed PID: 524259
2024-07-15 21:10:57 CPU:   12.49%, MEM:   5.20%, Observed PID: 524259
2024-07-15 21:10:58 CPU:   12.49%, MEM:   5.20%, Observed PID: 524259
2024-07-15 21:10:59 CPU:   12.49%, MEM:   5.20%, Observed PID: 524259
2024-07-15 21:11:00 CPU:   12.48%, MEM:   5.20%, Observed PID: 524259
2024-07-15 21:11:01 CPU:   12.48%, MEM:   5.20%, Observed PID: 524259
2024-07-15 21:11:02 CPU:   12.48%, MEM:   5.20%, Observed PID: 524259
2024-07-15 21:11:03 CPU:   12.48%, MEM:   5.20%, Observed PID: 524259
2024-07-15 21:11:04 CPU:   12.48%, MEM:   5.20%, Observed PID: 524259
2024-07-15 21:11:05 CPU:   12.48%, MEM:   5.20%, Observed PID: 524259
2024-07-15 21:11:06 CPU:   12.48%, MEM:   5.20%, Observed PID: 524259
2024-07-15 21:11:07 CPU:   12.49%, MEM:   5.20%, Observed PID: 524259
2024-07-15 21:11:08 CPU:   12.49%, MEM:   5.20%, Observed PID: 524259
2024-07-15 21:11:09 CPU:   12.49%, MEM:   5.20%, Observed PID: 524259
2024-07-15 21:11:10 CPU:   12.49%, MEM:   5.20%, Observed PID: 524259
2024-07-15 21:11:11 CPU:   12.49%, MEM:   5.20%, Observed PID: 524259
2024-07-15 21:11:12 CPU:   12.49%, MEM:   5.20%, Observed PID: 524259
2024-07-15 21:11:13 CPU:   12.49%, MEM:   5.20%, Observed PID: 524259
2024-07-15 21:11:14 CPU:   12.49%, MEM:   5.20%, Observed PID: 524259
2024-07-15 21:11:15 CPU:   12.49%, MEM:   5.20%, Observed PID: 524259
2024-07-15 21:11:16 CPU:   12.49%, MEM:   5.20%, Observed PID: 524259
2024-07-15 21:11:17 CPU:   12.49%, MEM:   5.20%, Observed PID: 524259
2024-07-15 21:11:18 CPU:   12.49%, MEM:   5.20%, Observed PID: 524259
2024-07-15 21:11:19 CPU:   12.49%, MEM:   5.30%, Observed PID: 524259
2024-07-15 21:11:20 CPU:   12.49%, MEM:   5.30%, Observed PID: 524259
2024-07-15 21:11:21 CPU:   12.49%, MEM:   5.30%, Observed PID: 524259
2024-07-15 21:11:22 CPU:   12.49%, MEM:   5.30%, Observed PID: 524259
2024-07-15 21:11:23 CPU:   12.49%, MEM:   5.30%, Observed PID: 524259
2024-07-15 21:11:24 CPU:   12.49%, MEM:   5.30%, Observed PID: 524259
2024-07-15 21:11:25 CPU:   12.49%, MEM:   5.30%, Observed PID: 524259
2024-07-15 21:11:26 CPU:   12.49%, MEM:   5.30%, Observed PID: 524259
2024-07-15 21:11:27 CPU:   12.49%, MEM:   5.30%, Observed PID: 524259
2024-07-15 21:11:28 CPU:   12.49%, MEM:   5.30%, Observed PID: 524259
2024-07-15 21:11:29 CPU:   12.49%, MEM:   5.30%, Observed PID: 524259
2024-07-15 21:11:30 CPU:   12.49%, MEM:   5.30%, Observed PID: 524259
2024-07-15 21:11:31 CPU:   12.49%, MEM:   5.30%, Observed PID: 524259
2024-07-15 21:11:32 CPU:   12.49%, MEM:   5.30%, Observed PID: 524259
2024-07-15 21:11:33 CPU:   12.49%, MEM:   5.30%, Observed PID: 524259
2024-07-15 21:11:34 CPU:   12.49%, MEM:   5.30%, Observed PID: 524259
2024-07-15 21:11:35 CPU:   12.49%, MEM:   5.30%, Observed PID: 524259
2024-07-15 21:11:36 CPU:   12.49%, MEM:   5.30%, Observed PID: 524259
2024-07-15 21:11:37 CPU:   12.49%, MEM:   5.30%, Observed PID: 524259
2024-07-15 21:11:38 CPU:   12.49%, MEM:   5.30%, Observed PID: 524259
2024-07-15 21:11:39 CPU:   12.49%, MEM:   5.30%, Observed PID: 524259
2024-07-15 21:11:40 CPU:   12.49%, MEM:   5.40%, Observed PID: 524259
2024-07-15 21:11:41 CPU:   12.49%, MEM:   5.40%, Observed PID: 524259
2024-07-15 21:11:42 CPU:   12.49%, MEM:   5.40%, Observed PID: 524259
2024-07-15 21:11:43 CPU:   12.49%, MEM:   5.40%, Observed PID: 524259
2024-07-15 21:11:44 CPU:   12.49%, MEM:   5.40%, Observed PID: 524259
2024-07-15 21:11:45 CPU:   12.49%, MEM:   5.40%, Observed PID: 524259
2024-07-15 21:11:46 CPU:   12.49%, MEM:   5.40%, Observed PID: 524259
2024-07-15 21:11:47 CPU:   12.49%, MEM:   5.40%, Observed PID: 524259
2024-07-15 21:11:48 CPU:   12.49%, MEM:   5.40%, Observed PID: 524259
2024-07-15 21:11:49 CPU:   12.49%, MEM:   5.40%, Observed PID: 524259
2024-07-15 21:11:50 CPU:   12.49%, MEM:   5.40%, Observed PID: 524259
2024-07-15 21:11:51 CPU:   12.49%, MEM:   5.40%, Observed PID: 524259
2024-07-15 21:11:52 CPU:   12.49%, MEM:   5.40%, Observed PID: 524259
2024-07-15 21:11:53 CPU:   12.49%, MEM:   5.40%, Observed PID: 524259
2024-07-15 21:11:54 CPU:   12.49%, MEM:   5.40%, Observed PID: 524259
2024-07-15 21:11:55 CPU:   12.49%, MEM:   5.40%, Observed PID: 524259
2024-07-15 21:11:56 CPU:   12.49%, MEM:   5.40%, Observed PID: 524259
2024-07-15 21:11:57 CPU:   12.49%, MEM:   5.40%, Observed PID: 524259
2024-07-15 21:11:58 CPU:   12.49%, MEM:   5.40%, Observed PID: 524259
2024-07-15 21:11:59 CPU:   12.49%, MEM:   5.40%, Observed PID: 524259
2024-07-15 21:12:00 CPU:   12.49%, MEM:   5.40%, Observed PID: 524259
2024-07-15 21:12:01 CPU:   12.49%, MEM:   5.40%, Observed PID: 524259
2024-07-15 21:12:02 CPU:   12.49%, MEM:   5.50%, Observed PID: 524259
2024-07-15 21:12:04 CPU:   12.49%, MEM:   5.50%, Observed PID: 524259
2024-07-15 21:12:05 CPU:   12.49%, MEM:   5.50%, Observed PID: 524259
2024-07-15 21:12:06 CPU:   12.49%, MEM:   5.50%, Observed PID: 524259
2024-07-15 21:12:07 CPU:   12.49%, MEM:   5.50%, Observed PID: 524259
2024-07-15 21:12:08 CPU:   12.49%, MEM:   5.50%, Observed PID: 524259
2024-07-15 21:12:09 CPU:   12.48%, MEM:   5.50%, Observed PID: 524259
2024-07-15 21:12:10 CPU:   12.48%, MEM:   5.50%, Observed PID: 524259
2024-07-15 21:12:11 CPU:   12.48%, MEM:   5.50%, Observed PID: 524259
2024-07-15 21:12:12 CPU:   12.48%, MEM:   5.50%, Observed PID: 524259
2024-07-15 21:12:13 CPU:   12.49%, MEM:   5.50%, Observed PID: 524259
2024-07-15 21:12:14 CPU:   12.49%, MEM:   5.50%, Observed PID: 524259
2024-07-15 21:12:15 CPU:   12.49%, MEM:   5.50%, Observed PID: 524259
2024-07-15 21:12:16 CPU:   12.49%, MEM:   5.50%, Observed PID: 524259
2024-07-15 21:12:17 CPU:   12.49%, MEM:   5.50%, Observed PID: 524259
2024-07-15 21:12:18 CPU:   12.49%, MEM:   5.50%, Observed PID: 524259
2024-07-15 21:12:19 CPU:   12.49%, MEM:   5.50%, Observed PID: 524259
2024-07-15 21:12:20 CPU:   12.49%, MEM:   5.50%, Observed PID: 524259
2024-07-15 21:12:21 CPU:   12.49%, MEM:   5.50%, Observed PID: 524259
2024-07-15 21:12:22 CPU:   12.49%, MEM:   5.50%, Observed PID: 524259
2024-07-15 21:12:23 CPU:   12.49%, MEM:   5.50%, Observed PID: 524259
2024-07-15 21:12:24 CPU:   12.49%, MEM:   5.60%, Observed PID: 524259
2024-07-15 21:12:25 CPU:   12.49%, MEM:   5.60%, Observed PID: 524259
2024-07-15 21:12:26 CPU:   12.49%, MEM:   5.60%, Observed PID: 524259
2024-07-15 21:12:27 CPU:   12.49%, MEM:   5.60%, Observed PID: 524259
2024-07-15 21:12:28 CPU:   12.49%, MEM:   5.60%, Observed PID: 524259
2024-07-15 21:12:29 CPU:   12.49%, MEM:   5.60%, Observed PID: 524259
2024-07-15 21:12:30 CPU:   12.49%, MEM:   5.60%, Observed PID: 524259
2024-07-15 21:12:31 CPU:   12.49%, MEM:   5.60%, Observed PID: 524259
2024-07-15 21:12:32 CPU:   12.49%, MEM:   5.60%, Observed PID: 524259
2024-07-15 21:12:33 CPU:   12.49%, MEM:   5.60%, Observed PID: 524259
2024-07-15 21:12:34 CPU:   12.49%, MEM:   5.60%, Observed PID: 524259
2024-07-15 21:12:35 CPU:   12.49%, MEM:   5.60%, Observed PID: 524259
2024-07-15 21:12:36 CPU:   12.49%, MEM:   5.60%, Observed PID: 524259
2024-07-15 21:12:37 CPU:   12.49%, MEM:   5.60%, Observed PID: 524259
2024-07-15 21:12:38 CPU:   12.49%, MEM:   5.60%, Observed PID: 524259
2024-07-15 21:12:39 CPU:   12.49%, MEM:   5.60%, Observed PID: 524259
2024-07-15 21:12:40 CPU:   12.49%, MEM:   5.60%, Observed PID: 524259
2024-07-15 21:12:41 CPU:   12.49%, MEM:   5.60%, Observed PID: 524259
2024-07-15 21:12:42 CPU:   12.49%, MEM:   5.80%, Observed PID: 524259
2024-07-15 21:12:43 CPU:   12.49%, MEM:   7.30%, Observed PID: 524259
2024-07-15 21:12:44 CPU:   12.49%, MEM:   8.10%, Observed PID: 524259
2024-07-15 21:12:45 CPU:   12.49%, MEM:   9.00%, Observed PID: 524259
2024-07-15 21:12:46 CPU:   12.50%, MEM:  10.30%, Observed PID: 524259
2024-07-15 21:12:47 CPU:   12.50%, MEM:  11.40%, Observed PID: 524259
2024-07-15 21:12:48 CPU:   12.62%, MEM:  12.50%, Observed PID: 524259
2024-07-15 21:12:49 CPU:   12.75%, MEM:  12.50%, Observed PID: 524259
2024-07-15 21:12:50 CPU:   12.75%, MEM:  12.50%, Observed PID: 524259
2024-07-15 21:12:52 CPU:   12.88%, MEM:  12.50%, Observed PID: 524259
2024-07-15 21:12:53 CPU:   13.00%, MEM:  12.50%, Observed PID: 524259
2024-07-15 21:12:54 CPU:   13.00%, MEM:  12.50%, Observed PID: 524259
2024-07-15 21:12:55 CPU:   13.12%, MEM:  12.50%, Observed PID: 524259
2024-07-15 21:12:56 CPU:   13.25%, MEM:  12.50%, Observed PID: 524259
2024-07-15 21:12:57 CPU:   13.25%, MEM:  12.50%, Observed PID: 524259
2024-07-15 21:12:58 CPU:   13.38%, MEM:  12.50%, Observed PID: 524259
2024-07-15 21:13:00 CPU:   13.50%, MEM:  12.50%, Observed PID: 524259
2024-07-15 21:13:01 CPU:   13.62%, MEM:  12.50%, Observed PID: 524259
2024-07-15 21:13:02 CPU:   13.62%, MEM:  12.50%, Observed PID: 524259
2024-07-15 21:13:03 CPU:   13.75%, MEM:  12.50%, Observed PID: 524259
2024-07-15 21:13:04 CPU:   13.75%, MEM:  12.50%, Observed PID: 524259
2024-07-15 21:13:05 CPU:   13.88%, MEM:  12.50%, Observed PID: 524259
2024-07-15 21:13:06 CPU:   14.00%, MEM:  12.50%, Observed PID: 524259
2024-07-15 21:13:07 CPU:   14.00%, MEM:  12.50%, Observed PID: 524259
2024-07-15 21:13:08 CPU:   14.12%, MEM:  14.40%, Observed PID: 524259
Verification key written to 'verification.key'
2024-07-15 21:13:09 CPU:   14.12%, MEM:  10.70%, Observed PID: 524259
2024-07-15 21:13:10 CPU:   14.12%, MEM:  10.70%, Observed PID: 524259
Proving key written to 'proving.key'
Setup completed
Total time: 1027619 milliseconds
Average CPU: 12.45%
Peak CPU: 14.125%
Average MEM: 3.84%
Peak MEM: 14.4%
Total time: 1027629 milliseconds
--------------------------------------------------
Executing: Compute Witness
Command: zokrates compute-witness -a 8868486246292278174740301803961529004235248728524778849294300294551179461609 4643616635805915526838569472263748978473329681715705589750086126513173156383 6090576704687006578320723834267476948542807094940724037767757669046682451951 14897476871502190904409029696666322856887678969656209656241038339251270171395 16668832459046858928951622951481252834155254151733002984053501254009901876174 2137701277 3147921503 925026666 1474328267 554023897 1867108354 3822258216 3672450650 1803868374 4289905937 1555310131 2416527125 3839011085 3710740892 4086335009 11129945 20 20 20 20 20 20 20 20 20 20 20 20 20 20 20 20 20 20 20 20 20 20 20 20 20 20 20 20 20 20 20 20 20 20 20 20 20 20 20 20 20 20 20 20 20 20 20 20 20 20 20 20 20 20 20 20 20 20 20 20 20 20 20 20 20 20 20 20 20 20 20 20 20 20 20 20 20 20 20 20 20 20 20 20 20 20 20 20 20 20 20 20 20 20 20 20 20 20 20 20 20 20 20 20 20 20 20 20 20 20 20 20 20 20 20 20 20 20 20 20 20 20 20 20 20 20 20 20 20 20 20 20 20 20 20 20 20 20 20 20 20 20 20 20 67 67 67 67 67 67 67 67 67 67 67 67 67 67 67 67 67 67 67 67 67 67 67 67 67 67 67 67 67 67 67 67 67 67 67 67 67 67 67 67 67 67 67 67 67 67 67 67 67 67 67 67 67 67 67 67 67 67 67 67 67 67 67 67 67 67 67 67 67 67 67 67 67 67 67 67 67 67 67 67 67 67 67 67 67 67 67 67 67 67 67 67 67 67 67 67 67 67 67 67 67 67 67 67 67 67 67 67 67 67 67 67 67 67 67 67 67 67 67 67 67 67 67 67 67 67 67 67 67 67 67 67 67 67 67 67 67 67 67 67 67 67 67 67 90 90 90 90 90 90 90 90 90 90 90 90 90 90 90 90 90 90 90 90 90 90 90 90 90 90 90 90 90 90 90 90 90 90 90 90 90 90 90 90 90 90 90 90 90 90 90 90 90 90 90 90 90 90 90 90 90 90 90 90 90 90 90 90 90 90 90 90 90 90 90 90 90 90 90 90 90 90 90 90 90 90 90 90 90 90 90 90 90 90 90 90 90 90 90 90 90 90 90 90 90 90 90 90 90 90 90 90 90 90 90 90 90 90 90 90 90 90 90 90 90 90 90 90 90 90 90 90 90 90 90 90 90 90 90 90 90 90 90 90 90 90 90 90 101 101 101 101 101 101 101 101 101 101 101 101 101 101 101 101 101 101 101 101 101 101 101 101 101 101 101 101 101 101 101 101 101 101 101 101 101 101 101 101 101 101 101 101 101 101 101 101 101 101 101 101 101 101 101 101 101 101 101 101 101 101 101 101 101 101 101 101 101 101 101 101 101 101 101 101 101 101 101 101 101 101 101 101 101 101 101 101 101 101 101 101 101 101 101 101 101 101 101 101 101 101 101 101 101 101 101 101 101 101 101 101 101 101 101 101 101 101 101 101 101 101 101 101 101 101 101 101 101 101 101 101 101 101 101 101 101 101 101 101 101 101 101 101 1 1 1 1 1 1 1 1 1 1 1 1 1 1 1 1 1 1 1 1 1 1 1 1 1 1 1 1 1 1 1 1 1 1 1 1 1 1 1 1 1 1 1 1 1 1 1 1 1 1 1 1 1 1 1 1 1 1 1 1 1 1 1 1 1 1 1 1 1 1 1 1 1 1 1 1 1 1 1 1 1 1 1 1 1 1 1 1 1 1 1 1 1 1 1 1 1 1 1 1 1 1 1 1 1 1 1 1 1 1 1 1 1 1 1 1 1 1 1 1 1 1 1 1 1 1 1 1 1 1 1 1 1 1 1 1 1 1 1 1 1 1 1 1 6969
Parent PID: 560508
Computing witness...
2024-07-15 21:13:11 CPU:    0.00%, MEM:   0.00%, Observed PID: 560508
2024-07-15 21:13:12 CPU:   12.38%, MEM:   0.00%, Observed PID: 560508
2024-07-15 21:13:13 CPU:   12.50%, MEM:   0.10%, Observed PID: 560508
Witness file written to 'witness'
Total time: 3047 milliseconds
Average CPU: 8.29%
Peak CPU: 12.5%
Average MEM: .03%
Peak MEM: 0.1%
Total time: 3056 milliseconds
--------------------------------------------------
Executing: Generate-Proof
Command: zokrates generate-proof --proving-scheme marlin
Parent PID: 560637
Generating proof...
2024-07-15 21:13:14 CPU:    0.00%, MEM:   0.00%, Observed PID: 560637
2024-07-15 21:13:15 CPU:   12.38%, MEM:   2.00%, Observed PID: 560637
2024-07-15 21:13:16 CPU:   12.50%, MEM:   3.70%, Observed PID: 560637
2024-07-15 21:13:17 CPU:   12.50%, MEM:   5.70%, Observed PID: 560637
2024-07-15 21:13:18 CPU:   12.50%, MEM:   6.50%, Observed PID: 560637
2024-07-15 21:13:19 CPU:   12.62%, MEM:   7.10%, Observed PID: 560637
2024-07-15 21:13:20 CPU:   15.38%, MEM:   7.00%, Observed PID: 560637
2024-07-15 21:13:21 CPU:   23.75%, MEM:   7.30%, Observed PID: 560637
2024-07-15 21:13:23 CPU:   29.62%, MEM:   7.50%, Observed PID: 560637
2024-07-15 21:13:24 CPU:   37.25%, MEM:   7.70%, Observed PID: 560637
2024-07-15 21:13:25 CPU:   39.12%, MEM:   8.40%, Observed PID: 560637
2024-07-15 21:13:26 CPU:   42.50%, MEM:   7.30%, Observed PID: 560637
2024-07-15 21:13:27 CPU:   46.25%, MEM:   7.30%, Observed PID: 560637
2024-07-15 21:13:28 CPU:   48.88%, MEM:   9.00%, Observed PID: 560637
2024-07-15 21:13:29 CPU:   50.88%, MEM:  10.10%, Observed PID: 560637
2024-07-15 21:13:30 CPU:   51.25%, MEM:  11.00%, Observed PID: 560637
2024-07-15 21:13:31 CPU:   53.25%, MEM:   8.50%, Observed PID: 560637
2024-07-15 21:13:32 CPU:   56.62%, MEM:   8.50%, Observed PID: 560637
2024-07-15 21:13:33 CPU:   58.38%, MEM:   8.50%, Observed PID: 560637
2024-07-15 21:13:35 CPU:   59.62%, MEM:   8.50%, Observed PID: 560637
2024-07-15 21:13:36 CPU:   59.75%, MEM:   8.50%, Observed PID: 560637
2024-07-15 21:13:37 CPU:   61.25%, MEM:   8.50%, Observed PID: 560637
2024-07-15 21:13:38 CPU:   62.50%, MEM:   8.50%, Observed PID: 560637
2024-07-15 21:13:39 CPU:   64.88%, MEM:   8.50%, Observed PID: 560637
2024-07-15 21:13:40 CPU:   66.00%, MEM:   8.50%, Observed PID: 560637
2024-07-15 21:13:41 CPU:   66.12%, MEM:   8.80%, Observed PID: 560637
2024-07-15 21:13:42 CPU:   64.25%, MEM:   9.60%, Observed PID: 560637
2024-07-15 21:13:43 CPU:   65.50%, MEM:   9.60%, Observed PID: 560637
2024-07-15 21:13:44 CPU:   65.38%, MEM:   9.90%, Observed PID: 560637
2024-07-15 21:13:45 CPU:   65.00%, MEM:  10.20%, Observed PID: 560637
2024-07-15 21:13:47 CPU:   64.62%, MEM:  10.20%, Observed PID: 560637
2024-07-15 21:13:48 CPU:   65.50%, MEM:  10.20%, Observed PID: 560637
2024-07-15 21:13:49 CPU:   66.12%, MEM:   9.90%, Observed PID: 560637
2024-07-15 21:13:50 CPU:   67.62%, MEM:   9.90%, Observed PID: 560637
2024-07-15 21:13:51 CPU:   68.75%, MEM:   9.90%, Observed PID: 560637
Proof written to 'proof.json'
Total time: 37963 milliseconds
Average CPU: 47.10%
Peak CPU: 68.75%
Average MEM: 8.06%
Peak MEM: 11%
Total time: 37971 milliseconds
--------------------------------------------------
Executing: Export-Verifier
Command: zokrates export-verifier
Parent PID: 561956
Exporting verifier...
Verifier exported to 'verifier.sol'
2024-07-15 21:13:52 CPU:    0.00%, MEM:   0.00%, Observed PID: 561956
Total time: 1017 milliseconds
Average CPU: 0%
Peak CPU: 0%
Average MEM: 0%
Peak MEM: 0%
Total time: 1025 milliseconds
--------------------------------------------------
Executing: Verification
Command: zokrates verify
Parent PID: 562027
Performing verification...
2024-07-15 21:13:53 CPU:    0.00%, MEM:   0.00%, Observed PID: 562027
PASSED
Total time: 1018 milliseconds
Average CPU: 0%
Peak CPU: 0%
Average MEM: 0%
Peak MEM: 0%
Total time: 1027 milliseconds
--------------------------------------------------
